#
# There is insufficient memory for the Java Runtime Environment to continue.
# Native memory allocation (malloc) failed to allocate 32744 bytes for Chunk::new
# Possible reasons:
#   The system is out of physical RAM or swap space
#   The process is running with CompressedOops enabled, and the Java Heap may be blocking the growth of the native heap
# Possible solutions:
#   Reduce memory load on the system
#   Increase physical memory or swap space
#   Check if swap backing store is full
#   Decrease Java heap size (-Xmx/-Xms)
#   Decrease number of Java threads
#   Decrease Java thread stack sizes (-Xss)
#   Set larger code cache with -XX:ReservedCodeCacheSize=
#   JVM is running with Unscaled Compressed Oops mode in which the Java heap is
#     placed in the first 4GB address space. The Java Heap base address is the
#     maximum limit for the native heap growth. Please use -XX:HeapBaseMinAddress
#     to set the Java Heap base and to place the Java Heap above 4GB virtual address.
# This output file may be truncated or incomplete.
#
#  Out of Memory Error (arena.cpp:184), pid=9212, tid=8280
#
# JRE version: Java(TM) SE Runtime Environment (19.0.2+7) (build 19.0.2+7-44)
# Java VM: Java HotSpot(TM) 64-Bit Server VM (19.0.2+7-44, mixed mode, sharing, tiered, compressed oops, compressed class ptrs, g1 gc, windows-amd64)
# No core dump will be written. Minidumps are not enabled by default on client versions of Windows
#

---------------  S U M M A R Y ------------

Command Line: -javaagent:D:\JetBrains\IntelliJ IDEA Community Edition 2023.1\lib\idea_rt.jar=49971:D:\JetBrains\IntelliJ IDEA Community Edition 2023.1\bin -Dfile.encoding=UTF-8 -Dsun.stdout.encoding=UTF-8 -Dsun.stderr.encoding=UTF-8 Backend.example.BackEndCRUD.BackEndCrudApplication

Host: Intel(R) Core(TM) i5-3470 CPU @ 3.20GHz, 4 cores, 7G,  Windows 10 , 64 bit Build 19041 (10.0.19041.2788)
Time: Wed Apr 19 14:25:50 2023 Hora estándar de Argentina elapsed time: 1937.125535 seconds (0d 0h 32m 17s)

---------------  T H R E A D  ---------------

Current thread (0x000002dab3d8dce0):  JavaThread "C2 CompilerThread0" daemon [_thread_in_native, id=8280, stack(0x000000e2bae00000,0x000000e2baf00000)]


Current CompileTask:
C2:1937125 6998       4       org.antlr.v4.runtime.atn.ParserATNSimulator::closure_ (311 bytes)

Stack: [0x000000e2bae00000,0x000000e2baf00000]
Native frames: (J=compiled Java code, j=interpreted, Vv=VM code, C=native code)
V  [jvm.dll+0x6ee21a]
V  [jvm.dll+0x85765e]
V  [jvm.dll+0x85904e]
V  [jvm.dll+0x859703]
V  [jvm.dll+0x28298f]
V  [jvm.dll+0xc9adf]
V  [jvm.dll+0xc9e65]
V  [jvm.dll+0x3c233d]
V  [jvm.dll+0x3c19e1]
V  [jvm.dll+0x3c1a24]
V  [jvm.dll+0x1f0c7e]
V  [jvm.dll+0x3bcc0b]
V  [jvm.dll+0x3bbb95]
V  [jvm.dll+0x1ee2cf]
V  [jvm.dll+0x24c52b]
V  [jvm.dll+0x24b781]
V  [jvm.dll+0x1d6ce1]
V  [jvm.dll+0x25b25a]
V  [jvm.dll+0x2596e8]
V  [jvm.dll+0x807588]
V  [jvm.dll+0x80125a]
V  [jvm.dll+0x6ecf0b]
C  [ucrtbase.dll+0x21bb2]
C  [KERNEL32.DLL+0x17604]
C  [ntdll.dll+0x526a1]


---------------  P R O C E S S  ---------------

Threads class SMR info:
_java_thread_list=0x000002dabacfab30, length=30, elements={
0x000002dab3d7c2c0, 0x000002dab3d80a10, 0x000002dab3d83970, 0x000002dab3d86550,
0x000002dab3d877c0, 0x000002dab3d889d0, 0x000002dab3d8dce0, 0x000002dab3d92860,
0x000002dab3db4ae0, 0x000002dab3d4fc80, 0x000002dab8250460, 0x000002dab8540ad0,
0x000002dabb19b310, 0x000002dabb19cda0, 0x000002dabb19d2f0, 0x000002dabb19b860,
0x000002dabb19bdb0, 0x000002dabb19c300, 0x000002dabb19c850, 0x000002dabb19a870,
0x000002dabb19adc0, 0x000002dab9ffd270, 0x000002dab9fff7a0, 0x000002dab9ffc7d0,
0x000002dab9ffdd10, 0x000002dab9ff9d50, 0x000002dab9ffcd20, 0x000002dab9ffd7c0,
0x000002dab9ffe260, 0x000002dab962d1e0
}

Java Threads: ( => current thread )
  0x000002dab3d7c2c0 JavaThread "Reference Handler" daemon [_thread_blocked, id=8332, stack(0x000000e2ba800000,0x000000e2ba900000)]
  0x000002dab3d80a10 JavaThread "Finalizer" daemon [_thread_blocked, id=8320, stack(0x000000e2ba900000,0x000000e2baa00000)]
  0x000002dab3d83970 JavaThread "Signal Dispatcher" daemon [_thread_blocked, id=8324, stack(0x000000e2baa00000,0x000000e2bab00000)]
  0x000002dab3d86550 JavaThread "Attach Listener" daemon [_thread_blocked, id=8328, stack(0x000000e2bab00000,0x000000e2bac00000)]
  0x000002dab3d877c0 JavaThread "Service Thread" daemon [_thread_blocked, id=8312, stack(0x000000e2bac00000,0x000000e2bad00000)]
  0x000002dab3d889d0 JavaThread "Monitor Deflation Thread" daemon [_thread_blocked, id=8316, stack(0x000000e2bad00000,0x000000e2bae00000)]
=>0x000002dab3d8dce0 JavaThread "C2 CompilerThread0" daemon [_thread_in_native, id=8280, stack(0x000000e2bae00000,0x000000e2baf00000)]
  0x000002dab3d92860 JavaThread "C1 CompilerThread0" daemon [_thread_blocked, id=8204, stack(0x000000e2baf00000,0x000000e2bb000000)]
  0x000002dab3db4ae0 JavaThread "Sweeper thread" daemon [_thread_blocked, id=8344, stack(0x000000e2bb000000,0x000000e2bb100000)]
  0x000002dab3d4fc80 JavaThread "Common-Cleaner" daemon [_thread_blocked, id=8336, stack(0x000000e2bb100000,0x000000e2bb200000)]
  0x000002dab8250460 JavaThread "Monitor Ctrl-Break" daemon [_thread_in_native, id=8340, stack(0x000000e2bb200000,0x000000e2bb300000)]
  0x000002dab8540ad0 JavaThread "Notification Thread" daemon [_thread_blocked, id=8208, stack(0x000000e2bb300000,0x000000e2bb400000)]
  0x000002dabb19b310 JavaThread "HikariPool-1 housekeeper" daemon [_thread_blocked, id=8284, stack(0x000000e2bba00000,0x000000e2bbb00000)]
  0x000002dabb19cda0 JavaThread "Catalina-utility-1" [_thread_blocked, id=8624, stack(0x000000e2bbc00000,0x000000e2bbd00000)]
  0x000002dabb19d2f0 JavaThread "Catalina-utility-2" [_thread_blocked, id=6208, stack(0x000000e2bbd00000,0x000000e2bbe00000)]
  0x000002dabb19b860 JavaThread "container-0" [_thread_blocked, id=8360, stack(0x000000e2bbe00000,0x000000e2bbf00000)]
  0x000002dabb19bdb0 JavaThread "http-nio-8080-exec-1" daemon [_thread_blocked, id=8352, stack(0x000000e2bbf00000,0x000000e2bc000000)]
  0x000002dabb19c300 JavaThread "http-nio-8080-exec-2" daemon [_thread_blocked, id=9064, stack(0x000000e2bc000000,0x000000e2bc100000)]
  0x000002dabb19c850 JavaThread "http-nio-8080-exec-3" daemon [_thread_blocked, id=9056, stack(0x000000e2bc100000,0x000000e2bc200000)]
  0x000002dabb19a870 JavaThread "http-nio-8080-exec-4" daemon [_thread_blocked, id=6004, stack(0x000000e2bc200000,0x000000e2bc300000)]
  0x000002dabb19adc0 JavaThread "http-nio-8080-exec-5" daemon [_thread_blocked, id=6056, stack(0x000000e2bc300000,0x000000e2bc400000)]
  0x000002dab9ffd270 JavaThread "http-nio-8080-exec-6" daemon [_thread_blocked, id=7400, stack(0x000000e2bc400000,0x000000e2bc500000)]
  0x000002dab9fff7a0 JavaThread "http-nio-8080-exec-7" daemon [_thread_blocked, id=3532, stack(0x000000e2bc500000,0x000000e2bc600000)]
  0x000002dab9ffc7d0 JavaThread "http-nio-8080-exec-8" daemon [_thread_blocked, id=2092, stack(0x000000e2bc600000,0x000000e2bc700000)]
  0x000002dab9ffdd10 JavaThread "http-nio-8080-exec-9" daemon [_thread_blocked, id=3340, stack(0x000000e2bc700000,0x000000e2bc800000)]
  0x000002dab9ff9d50 JavaThread "http-nio-8080-exec-10" daemon [_thread_blocked, id=8784, stack(0x000000e2bc800000,0x000000e2bc900000)]
  0x000002dab9ffcd20 JavaThread "http-nio-8080-Poller" daemon [_thread_in_native, id=8012, stack(0x000000e2bc900000,0x000000e2bca00000)]
  0x000002dab9ffd7c0 JavaThread "http-nio-8080-Acceptor" daemon [_thread_in_native, id=7108, stack(0x000000e2bca00000,0x000000e2bcb00000)]
  0x000002dab9ffe260 JavaThread "DestroyJavaVM" [_thread_blocked, id=8240, stack(0x000000e2ba100000,0x000000e2ba200000)]
  0x000002dab962d1e0 JavaThread "C2 CompilerThread1" daemon [_thread_in_native, id=6732, stack(0x000000e2b9e00000,0x000000e2b9f00000)]

Other Threads:
  0x000002dab3d60a40 VMThread "VM Thread" [stack: 0x000000e2ba700000,0x000000e2ba800000] [id=4276]
  0x000002dab82509a0 WatcherThread "VM Periodic Task Thread" [stack: 0x000000e2bb400000,0x000000e2bb500000] [id=8400]
  0x000002da95dfa110 WorkerThread "GC Thread#0" [stack: 0x000000e2ba200000,0x000000e2ba300000] [id=8252]
  0x000002dab871ba60 WorkerThread "GC Thread#1" [stack: 0x000000e2bb600000,0x000000e2bb700000] [id=8300]
  0x000002dab871bd30 WorkerThread "GC Thread#2" [stack: 0x000000e2bb700000,0x000000e2bb800000] [id=8484]
  0x000002dab87d1100 WorkerThread "GC Thread#3" [stack: 0x000000e2bb800000,0x000000e2bb900000] [id=8488]
  0x000002da95e0ae40 ConcurrentGCThread "G1 Main Marker" [stack: 0x000000e2ba300000,0x000000e2ba400000] [id=8256]
  0x000002da95e0d0d0 WorkerThread "G1 Conc#0" [stack: 0x000000e2ba400000,0x000000e2ba500000] [id=8260]
  0x000002da95e5e170 ConcurrentGCThread "G1 Refine#0" [stack: 0x000000e2ba500000,0x000000e2ba600000] [id=9208]
  0x000002dab3c1f8c0 ConcurrentGCThread "G1 Service" [stack: 0x000000e2ba600000,0x000000e2ba700000] [id=2976]

Threads with active compile tasks:
C2 CompilerThread0  1937222 6998       4       org.antlr.v4.runtime.atn.ParserATNSimulator::closure_ (311 bytes)
C2 CompilerThread1  1937222 7000       4       org.antlr.v4.runtime.atn.ParserATNSimulator::closureCheckingStopState (244 bytes)

VM state: not at safepoint (normal execution)

VM Mutex/Monitor currently owned by a thread: None

Heap address: 0x0000000080a00000, size: 2038 MB, Compressed Oops mode: 32-bit

CDS archive(s) mapped at: [0x0000000800000000-0x0000000800c40000-0x0000000800c40000), size 12845056, SharedBaseAddress: 0x0000000800000000, ArchiveRelocationMode: 0.
Compressed class space mapped at: 0x0000000801000000-0x0000000841000000, reserved size: 1073741824
Narrow klass base: 0x0000000800000000, Narrow klass shift: 0, Narrow klass range: 0x100000000

GC Precious Log:
 CardTable entry size: 512
 Card Set container configuration: InlinePtr #cards 5 size 8 Array Of Cards #cards 12 size 40 Howl #buckets 4 coarsen threshold 1843 Howl Bitmap #cards 512 size 80 coarsen threshold 460 Card regions per heap region 1 cards per card region 2048
 CPUs: 4 total, 4 available
 Memory: 8151M
 Large Page Support: Disabled
 NUMA Support: Disabled
 Compressed Oops: Enabled (32-bit)
 Heap Region Size: 1M
 Heap Min Capacity: 8M
 Heap Initial Capacity: 128M
 Heap Max Capacity: 2038M
 Pre-touch: Disabled
 Parallel Workers: 4
 Concurrent Workers: 1
 Concurrent Refinement Workers: 4
 Periodic GC: Disabled

Heap:
 garbage-first heap   total 77824K, used 57354K [0x0000000080a00000, 0x0000000100000000)
  region size 1024K, 30 young (30720K), 1 survivors (1024K)
 Metaspace       used 70026K, committed 70656K, reserved 1114112K
  class space    used 9364K, committed 9664K, reserved 1048576K

Heap Regions: E=young(eden), S=young(survivor), O=old, HS=humongous(starts), HC=humongous(continues), CS=collection set, F=free, OA=open archive, CA=closed archive, TAMS=top-at-mark-start (previous, next)
|   0|0x0000000080a00000, 0x0000000080b00000, 0x0000000080b00000|100%|HS|  |TAMS 0x0000000080b00000, 0x0000000080a00000| Complete 
|   1|0x0000000080b00000, 0x0000000080c00000, 0x0000000080c00000|100%| O|  |TAMS 0x0000000080c00000, 0x0000000080b00000| Untracked 
|   2|0x0000000080c00000, 0x0000000080d00000, 0x0000000080d00000|100%| O|  |TAMS 0x0000000080d00000, 0x0000000080c00000| Untracked 
|   3|0x0000000080d00000, 0x0000000080e00000, 0x0000000080e00000|100%| O|  |TAMS 0x0000000080e00000, 0x0000000080d00000| Untracked 
|   4|0x0000000080e00000, 0x0000000080f00000, 0x0000000080f00000|100%| O|  |TAMS 0x0000000080f00000, 0x0000000080e00000| Untracked 
|   5|0x0000000080f00000, 0x0000000081000000, 0x0000000081000000|100%| O|  |TAMS 0x0000000081000000, 0x0000000080f00000| Untracked 
|   6|0x0000000081000000, 0x0000000081100000, 0x0000000081100000|100%| O|  |TAMS 0x0000000081100000, 0x0000000081000000| Untracked 
|   7|0x0000000081100000, 0x0000000081200000, 0x0000000081200000|100%| O|  |TAMS 0x0000000081200000, 0x0000000081100000| Untracked 
|   8|0x0000000081200000, 0x0000000081300000, 0x0000000081300000|100%| O|  |TAMS 0x0000000081300000, 0x0000000081200000| Untracked 
|   9|0x0000000081300000, 0x0000000081400000, 0x0000000081400000|100%| O|  |TAMS 0x0000000081400000, 0x0000000081300000| Untracked 
|  10|0x0000000081400000, 0x0000000081500000, 0x0000000081500000|100%| O|  |TAMS 0x0000000081500000, 0x0000000081400000| Untracked 
|  11|0x0000000081500000, 0x0000000081600000, 0x0000000081600000|100%| O|  |TAMS 0x0000000081600000, 0x0000000081500000| Untracked 
|  12|0x0000000081600000, 0x0000000081700000, 0x0000000081700000|100%| O|  |TAMS 0x0000000081700000, 0x0000000081600000| Untracked 
|  13|0x0000000081700000, 0x0000000081800000, 0x0000000081800000|100%| O|  |TAMS 0x0000000081800000, 0x0000000081700000| Untracked 
|  14|0x0000000081800000, 0x0000000081900000, 0x0000000081900000|100%| O|  |TAMS 0x0000000081900000, 0x0000000081800000| Untracked 
|  15|0x0000000081900000, 0x0000000081a00000, 0x0000000081a00000|100%| O|  |TAMS 0x0000000081a00000, 0x0000000081900000| Untracked 
|  16|0x0000000081a00000, 0x0000000081b00000, 0x0000000081b00000|100%| O|  |TAMS 0x0000000081b00000, 0x0000000081a00000| Untracked 
|  17|0x0000000081b00000, 0x0000000081c00000, 0x0000000081c00000|100%| O|  |TAMS 0x0000000081c00000, 0x0000000081b00000| Untracked 
|  18|0x0000000081c00000, 0x0000000081d00000, 0x0000000081d00000|100%| O|  |TAMS 0x0000000081d00000, 0x0000000081c00000| Untracked 
|  19|0x0000000081d00000, 0x0000000081d00000, 0x0000000081e00000|  0%| F|  |TAMS 0x0000000081d00000, 0x0000000081d00000| Untracked 
|  20|0x0000000081e00000, 0x0000000081f00000, 0x0000000081f00000|100%| O|  |TAMS 0x0000000081f00000, 0x0000000081e00000| Untracked 
|  21|0x0000000081f00000, 0x0000000082000000, 0x0000000082000000|100%| O|  |TAMS 0x0000000081f25800, 0x0000000081f00000| Untracked 
|  22|0x0000000082000000, 0x0000000082100000, 0x0000000082100000|100%| O|  |TAMS 0x0000000082000000, 0x0000000082000000| Untracked 
|  23|0x0000000082100000, 0x0000000082200000, 0x0000000082200000|100%| O|  |TAMS 0x0000000082100000, 0x0000000082100000| Untracked 
|  24|0x0000000082200000, 0x0000000082300000, 0x0000000082300000|100%| O|  |TAMS 0x0000000082200000, 0x0000000082200000| Untracked 
|  25|0x0000000082300000, 0x0000000082400000, 0x0000000082400000|100%| O|  |TAMS 0x0000000082300000, 0x0000000082300000| Untracked 
|  26|0x0000000082400000, 0x0000000082500000, 0x0000000082500000|100%| O|  |TAMS 0x0000000082400000, 0x0000000082400000| Untracked 
|  27|0x0000000082500000, 0x0000000082600000, 0x0000000082600000|100%| O|  |TAMS 0x0000000082500000, 0x0000000082500000| Untracked 
|  28|0x0000000082600000, 0x0000000082700000, 0x0000000082700000|100%| O|  |TAMS 0x0000000082600000, 0x0000000082600000| Untracked 
|  29|0x0000000082700000, 0x0000000082747000, 0x0000000082800000| 27%| O|  |TAMS 0x0000000082700000, 0x0000000082700000| Untracked 
|  30|0x0000000082800000, 0x0000000082800000, 0x0000000082900000|  0%| F|  |TAMS 0x0000000082800000, 0x0000000082800000| Untracked 
|  31|0x0000000082900000, 0x0000000082900000, 0x0000000082a00000|  0%| F|  |TAMS 0x0000000082900000, 0x0000000082900000| Untracked 
|  32|0x0000000082a00000, 0x0000000082a00000, 0x0000000082b00000|  0%| F|  |TAMS 0x0000000082a00000, 0x0000000082a00000| Untracked 
|  33|0x0000000082b00000, 0x0000000082b00000, 0x0000000082c00000|  0%| F|  |TAMS 0x0000000082b00000, 0x0000000082b00000| Untracked 
|  34|0x0000000082c00000, 0x0000000082c00000, 0x0000000082d00000|  0%| F|  |TAMS 0x0000000082c00000, 0x0000000082c00000| Untracked 
|  35|0x0000000082d00000, 0x0000000082d00000, 0x0000000082e00000|  0%| F|  |TAMS 0x0000000082d00000, 0x0000000082d00000| Untracked 
|  36|0x0000000082e00000, 0x0000000082e00000, 0x0000000082f00000|  0%| F|  |TAMS 0x0000000082e00000, 0x0000000082e00000| Untracked 
|  37|0x0000000082f00000, 0x0000000082f00000, 0x0000000083000000|  0%| F|  |TAMS 0x0000000082f00000, 0x0000000082f00000| Untracked 
|  38|0x0000000083000000, 0x0000000083000000, 0x0000000083100000|  0%| F|  |TAMS 0x0000000083000000, 0x0000000083000000| Untracked 
|  39|0x0000000083100000, 0x0000000083100000, 0x0000000083200000|  0%| F|  |TAMS 0x0000000083100000, 0x0000000083100000| Untracked 
|  40|0x0000000083200000, 0x0000000083200000, 0x0000000083300000|  0%| F|  |TAMS 0x0000000083200000, 0x0000000083200000| Untracked 
|  41|0x0000000083300000, 0x0000000083300000, 0x0000000083400000|  0%| F|  |TAMS 0x0000000083300000, 0x0000000083300000| Untracked 
|  42|0x0000000083400000, 0x0000000083400000, 0x0000000083500000|  0%| F|  |TAMS 0x0000000083400000, 0x0000000083400000| Untracked 
|  43|0x0000000083500000, 0x0000000083500000, 0x0000000083600000|  0%| F|  |TAMS 0x0000000083500000, 0x0000000083500000| Untracked 
|  44|0x0000000083600000, 0x0000000083600000, 0x0000000083700000|  0%| F|  |TAMS 0x0000000083600000, 0x0000000083600000| Untracked 
|  45|0x0000000083700000, 0x0000000083700000, 0x0000000083800000|  0%| F|  |TAMS 0x0000000083700000, 0x0000000083700000| Untracked 
|  46|0x0000000083800000, 0x000000008381e170, 0x0000000083900000| 11%| E|  |TAMS 0x0000000083800000, 0x0000000083800000| Complete 
|  47|0x0000000083900000, 0x0000000083a00000, 0x0000000083a00000|100%| E|CS|TAMS 0x0000000083900000, 0x0000000083900000| Complete 
|  48|0x0000000083a00000, 0x0000000083affff8, 0x0000000083b00000| 99%| E|  |TAMS 0x0000000083a00000, 0x0000000083a00000| Complete 
|  49|0x0000000083b00000, 0x0000000083c00000, 0x0000000083c00000|100%| E|CS|TAMS 0x0000000083b00000, 0x0000000083b00000| Complete 
|  50|0x0000000083c00000, 0x0000000083d00000, 0x0000000083d00000|100%| E|CS|TAMS 0x0000000083c00000, 0x0000000083c00000| Complete 
|  51|0x0000000083d00000, 0x0000000083e00000, 0x0000000083e00000|100%| E|CS|TAMS 0x0000000083d00000, 0x0000000083d00000| Complete 
|  52|0x0000000083e00000, 0x0000000083f00000, 0x0000000083f00000|100%| E|CS|TAMS 0x0000000083e00000, 0x0000000083e00000| Complete 
|  53|0x0000000083f00000, 0x0000000084000000, 0x0000000084000000|100%| E|CS|TAMS 0x0000000083f00000, 0x0000000083f00000| Complete 
|  54|0x0000000084000000, 0x0000000084100000, 0x0000000084100000|100%| E|CS|TAMS 0x0000000084000000, 0x0000000084000000| Complete 
|  55|0x0000000084100000, 0x0000000084200000, 0x0000000084200000|100%| E|CS|TAMS 0x0000000084100000, 0x0000000084100000| Complete 
|  56|0x0000000084200000, 0x0000000084300000, 0x0000000084300000|100%| E|CS|TAMS 0x0000000084200000, 0x0000000084200000| Complete 
|  57|0x0000000084300000, 0x0000000084400000, 0x0000000084400000|100%| E|CS|TAMS 0x0000000084300000, 0x0000000084300000| Complete 
|  58|0x0000000084400000, 0x0000000084500000, 0x0000000084500000|100%| E|CS|TAMS 0x0000000084400000, 0x0000000084400000| Complete 
|  59|0x0000000084500000, 0x0000000084600000, 0x0000000084600000|100%| E|CS|TAMS 0x0000000084500000, 0x0000000084500000| Complete 
|  60|0x0000000084600000, 0x0000000084700000, 0x0000000084700000|100%| E|CS|TAMS 0x0000000084600000, 0x0000000084600000| Complete 
|  61|0x0000000084700000, 0x0000000084800000, 0x0000000084800000|100%| E|CS|TAMS 0x0000000084700000, 0x0000000084700000| Complete 
|  62|0x0000000084800000, 0x0000000084900000, 0x0000000084900000|100%| E|CS|TAMS 0x0000000084800000, 0x0000000084800000| Complete 
|  63|0x0000000084900000, 0x0000000084a00000, 0x0000000084a00000|100%| E|CS|TAMS 0x0000000084900000, 0x0000000084900000| Complete 
|  64|0x0000000084a00000, 0x0000000084b00000, 0x0000000084b00000|100%| E|CS|TAMS 0x0000000084a00000, 0x0000000084a00000| Complete 
|  65|0x0000000084b00000, 0x0000000084c00000, 0x0000000084c00000|100%| E|CS|TAMS 0x0000000084b00000, 0x0000000084b00000| Complete 
|  66|0x0000000084c00000, 0x0000000084d00000, 0x0000000084d00000|100%| E|CS|TAMS 0x0000000084c00000, 0x0000000084c00000| Complete 
|  67|0x0000000084d00000, 0x0000000084e00000, 0x0000000084e00000|100%| E|CS|TAMS 0x0000000084d00000, 0x0000000084d00000| Complete 
|  82|0x0000000085c00000, 0x0000000085d00000, 0x0000000085d00000|100%| E|CS|TAMS 0x0000000085c00000, 0x0000000085c00000| Complete 
|  83|0x0000000085d00000, 0x0000000085e00000, 0x0000000085e00000|100%| E|CS|TAMS 0x0000000085d00000, 0x0000000085d00000| Complete 
|  84|0x0000000085e00000, 0x0000000085f00000, 0x0000000085f00000|100%| E|CS|TAMS 0x0000000085e00000, 0x0000000085e00000| Complete 
|  85|0x0000000085f00000, 0x0000000086000000, 0x0000000086000000|100%| E|CS|TAMS 0x0000000085f00000, 0x0000000085f00000| Complete 
|  86|0x0000000086000000, 0x0000000086100000, 0x0000000086100000|100%| E|CS|TAMS 0x0000000086000000, 0x0000000086000000| Complete 
|  87|0x0000000086100000, 0x0000000086200000, 0x0000000086200000|100%| E|CS|TAMS 0x0000000086100000, 0x0000000086100000| Complete 
|  88|0x0000000086200000, 0x00000000862bb828, 0x0000000086300000| 73%| S|CS|TAMS 0x0000000086200000, 0x0000000086200000| Complete 
| 127|0x0000000088900000, 0x0000000088a00000, 0x0000000088a00000|100%| E|CS|TAMS 0x0000000088900000, 0x0000000088900000| Complete 

Card table byte_map: [0x000002daad100000,0x000002daad500000] _byte_map_base: 0x000002daaccfb000

Marking Bits (Prev, Next): (CMBitMap*) 0x000002da95dfa690, (CMBitMap*) 0x000002da95dfa650
 Prev Bits: [0x000002daaf8e0000, 0x000002dab18b8000)
 Next Bits: [0x000002daad900000, 0x000002daaf8d8000)

Polling page: 0x000002da93cc0000

Metaspace:

Usage:
  Non-class:     59.24 MB used.
      Class:      9.14 MB used.
       Both:     68.39 MB used.

Virtual space:
  Non-class space:       64.00 MB reserved,      59.56 MB ( 93%) committed,  1 nodes.
      Class space:        1.00 GB reserved,       9.44 MB ( <1%) committed,  1 nodes.
             Both:        1.06 GB reserved,      69.00 MB (  6%) committed. 

Chunk freelists:
   Non-Class:  3.83 MB
       Class:  2.41 MB
        Both:  6.23 MB

MaxMetaspaceSize: unlimited
CompressedClassSpaceSize: 1.00 GB
Initial GC threshold: 21.00 MB
Current GC threshold: 98.75 MB
CDS: on
MetaspaceReclaimPolicy: balanced
 - commit_granule_bytes: 65536.
 - commit_granule_words: 8192.
 - virtual_space_node_default_size: 8388608.
 - enlarge_chunks_in_place: 1.
 - new_chunks_are_fully_committed: 0.
 - uncommit_free_chunks: 1.
 - use_allocation_guard: 0.


Internal statistics:

num_allocs_failed_limit: 9.
num_arena_births: 934.
num_arena_deaths: 0.
num_vsnodes_births: 2.
num_vsnodes_deaths: 0.
num_space_committed: 1104.
num_space_uncommitted: 0.
num_chunks_returned_to_freelist: 9.
num_chunks_taken_from_freelist: 3424.
num_chunk_merges: 9.
num_chunk_splits: 2534.
num_chunks_enlarged: 2088.
num_inconsistent_stats: 0.

CodeHeap 'non-profiled nmethods': size=120000Kb used=3848Kb max_used=3848Kb free=116151Kb
 bounds [0x000002daa57d0000, 0x000002daa5ba0000, 0x000002daacd00000]
CodeHeap 'profiled nmethods': size=120000Kb used=11844Kb max_used=11844Kb free=108156Kb
 bounds [0x000002da9dd00000, 0x000002da9e8a0000, 0x000002daa5230000]
CodeHeap 'non-nmethods': size=5760Kb used=1451Kb max_used=1490Kb free=4308Kb
 bounds [0x000002daa5230000, 0x000002daa54a0000, 0x000002daa57d0000]
 total_blobs=6971 nmethods=6274 adapters=606
 compilation: enabled
              stopped_count=0, restarted_count=0
 full_count=0

Compilation events (20 events):
Event: 1937.061 Thread 0x000002dab3d92860 7111       2       com.fasterxml.jackson.databind.introspect.POJOPropertyBuilder$Linked::<init> (85 bytes)
Event: 1937.061 Thread 0x000002dab3d92860 nmethod 7111 0x000002da9e88d890 code [0x000002da9e88da60, 0x000002da9e88de48]
Event: 1937.062 Thread 0x000002dab3d92860 7114       2       org.apache.tomcat.util.buf.MessageBytes::toBytes (150 bytes)
Event: 1937.063 Thread 0x000002dab3d92860 nmethod 7114 0x000002da9e88e090 code [0x000002da9e88e3c0, 0x000002da9e88f158]
Event: 1937.063 Thread 0x000002dab3d92860 7112       2       org.apache.tomcat.util.buf.MessageBytes::getCharset (8 bytes)
Event: 1937.063 Thread 0x000002dab3d92860 nmethod 7112 0x000002da9e88f910 code [0x000002da9e88fac0, 0x000002da9e88fc38]
Event: 1937.063 Thread 0x000002dab3d92860 7113       2       org.apache.tomcat.util.buf.ByteChunk::getCharset (19 bytes)
Event: 1937.064 Thread 0x000002dab3d92860 nmethod 7113 0x000002da9e88fd10 code [0x000002da9e88fea0, 0x000002da9e890018]
Event: 1937.064 Thread 0x000002dab3d92860 7115       2       org.apache.coyote.http11.Http11OutputBuffer::write (28 bytes)
Event: 1937.064 Thread 0x000002dab3d92860 nmethod 7115 0x000002da9e890090 code [0x000002da9e890240, 0x000002da9e8903b8]
Event: 1937.064 Thread 0x000002dab3d92860 7116       1       org.apache.tomcat.util.net.SocketBufferHandler::getWriteBuffer (5 bytes)
Event: 1937.064 Thread 0x000002dab3d92860 nmethod 7116 0x000002daa5b91c10 code [0x000002daa5b91da0, 0x000002daa5b91e58]
Event: 1937.064 Thread 0x000002dab3d92860 7117       2       java.nio.charset.CharsetDecoder::implFlush (4 bytes)
Event: 1937.064 Thread 0x000002dab3d92860 nmethod 7117 0x000002da9e890490 code [0x000002da9e890620, 0x000002da9e890738]
Event: 1937.064 Thread 0x000002dab3d92860 7118       2       org.hibernate.internal.SessionImpl::delayedAfterCompletion (25 bytes)
Event: 1937.064 Thread 0x000002dab3d92860 nmethod 7118 0x000002da9e890810 code [0x000002da9e8909c0, 0x000002da9e890b98]
Event: 1937.065 Thread 0x000002dab3d92860 7119       2       java.nio.ByteBuffer::clear (7 bytes)
Event: 1937.065 Thread 0x000002dab3d92860 nmethod 7119 0x000002da9e890c90 code [0x000002da9e890e20, 0x000002da9e890f38]
Event: 1937.065 Thread 0x000002dab3d92860 7120       1       org.apache.coyote.ErrorState::isError (5 bytes)
Event: 1937.065 Thread 0x000002dab3d92860 nmethod 7120 0x000002daa5b91f10 code [0x000002daa5b920a0, 0x000002daa5b92178]

GC Heap History (20 events):
Event: 5.729 GC heap before
{Heap before GC invocations=8 (full 0):
 garbage-first heap   total 51200K, used 36015K [0x0000000080a00000, 0x0000000100000000)
  region size 1024K, 21 young (21504K), 3 survivors (3072K)
 Metaspace       used 33410K, committed 33984K, reserved 1114112K
  class space    used 4207K, committed 4480K, reserved 1048576K
}
Event: 5.736 GC heap after
{Heap after GC invocations=9 (full 0):
 garbage-first heap   total 51200K, used 18691K [0x0000000080a00000, 0x0000000100000000)
  region size 1024K, 2 young (2048K), 2 survivors (2048K)
 Metaspace       used 33410K, committed 33984K, reserved 1114112K
  class space    used 4207K, committed 4480K, reserved 1048576K
}
Event: 5.944 GC heap before
{Heap before GC invocations=9 (full 0):
 garbage-first heap   total 51200K, used 25859K [0x0000000080a00000, 0x0000000100000000)
  region size 1024K, 10 young (10240K), 2 survivors (2048K)
 Metaspace       used 35471K, committed 35968K, reserved 1114112K
  class space    used 4540K, committed 4800K, reserved 1048576K
}
Event: 5.947 GC heap after
{Heap after GC invocations=10 (full 0):
 garbage-first heap   total 51200K, used 19030K [0x0000000080a00000, 0x0000000100000000)
  region size 1024K, 2 young (2048K), 2 survivors (2048K)
 Metaspace       used 35471K, committed 35968K, reserved 1114112K
  class space    used 4540K, committed 4800K, reserved 1048576K
}
Event: 6.533 GC heap before
{Heap before GC invocations=11 (full 0):
 garbage-first heap   total 51200K, used 38486K [0x0000000080a00000, 0x0000000100000000)
  region size 1024K, 21 young (21504K), 2 survivors (2048K)
 Metaspace       used 40758K, committed 41216K, reserved 1114112K
  class space    used 5233K, committed 5440K, reserved 1048576K
}
Event: 6.539 GC heap after
{Heap after GC invocations=12 (full 0):
 garbage-first heap   total 51200K, used 20378K [0x0000000080a00000, 0x0000000100000000)
  region size 1024K, 3 young (3072K), 3 survivors (3072K)
 Metaspace       used 40758K, committed 41216K, reserved 1114112K
  class space    used 5233K, committed 5440K, reserved 1048576K
}
Event: 6.562 GC heap before
{Heap before GC invocations=12 (full 0):
 garbage-first heap   total 51200K, used 21402K [0x0000000080a00000, 0x0000000100000000)
  region size 1024K, 4 young (4096K), 3 survivors (3072K)
 Metaspace       used 40958K, committed 41472K, reserved 1114112K
  class space    used 5258K, committed 5504K, reserved 1048576K
}
Event: 6.568 GC heap after
{Heap after GC invocations=13 (full 0):
 garbage-first heap   total 77824K, used 20245K [0x0000000080a00000, 0x0000000100000000)
  region size 1024K, 1 young (1024K), 1 survivors (1024K)
 Metaspace       used 40958K, committed 41472K, reserved 1114112K
  class space    used 5258K, committed 5504K, reserved 1048576K
}
Event: 7.600 GC heap before
{Heap before GC invocations=13 (full 0):
 garbage-first heap   total 77824K, used 58133K [0x0000000080a00000, 0x0000000100000000)
  region size 1024K, 39 young (39936K), 1 survivors (1024K)
 Metaspace       used 51287K, committed 51904K, reserved 1114112K
  class space    used 6806K, committed 7104K, reserved 1048576K
}
Event: 7.604 GC heap after
{Heap after GC invocations=14 (full 0):
 garbage-first heap   total 77824K, used 21763K [0x0000000080a00000, 0x0000000100000000)
  region size 1024K, 2 young (2048K), 2 survivors (2048K)
 Metaspace       used 51287K, committed 51904K, reserved 1114112K
  class space    used 6806K, committed 7104K, reserved 1048576K
}
Event: 8.325 GC heap before
{Heap before GC invocations=14 (full 0):
 garbage-first heap   total 77824K, used 60675K [0x0000000080a00000, 0x0000000100000000)
  region size 1024K, 40 young (40960K), 2 survivors (2048K)
 Metaspace       used 56346K, committed 56960K, reserved 1114112K
  class space    used 7421K, committed 7680K, reserved 1048576K
}
Event: 8.335 GC heap after
{Heap after GC invocations=15 (full 0):
 garbage-first heap   total 77824K, used 24008K [0x0000000080a00000, 0x0000000100000000)
  region size 1024K, 5 young (5120K), 5 survivors (5120K)
 Metaspace       used 56346K, committed 56960K, reserved 1114112K
  class space    used 7421K, committed 7680K, reserved 1048576K
}
Event: 8.904 GC heap before
{Heap before GC invocations=15 (full 0):
 garbage-first heap   total 77824K, used 59848K [0x0000000080a00000, 0x0000000100000000)
  region size 1024K, 40 young (40960K), 5 survivors (5120K)
 Metaspace       used 58979K, committed 59648K, reserved 1114112K
  class space    used 7775K, committed 8128K, reserved 1048576K
}
Event: 8.910 GC heap after
{Heap after GC invocations=16 (full 0):
 garbage-first heap   total 77824K, used 26277K [0x0000000080a00000, 0x0000000100000000)
  region size 1024K, 5 young (5120K), 5 survivors (5120K)
 Metaspace       used 58979K, committed 59648K, reserved 1114112K
  class space    used 7775K, committed 8128K, reserved 1048576K
}
Event: 9.057 GC heap before
{Heap before GC invocations=16 (full 0):
 garbage-first heap   total 77824K, used 33445K [0x0000000080a00000, 0x0000000100000000)
  region size 1024K, 13 young (13312K), 5 survivors (5120K)
 Metaspace       used 59873K, committed 60480K, reserved 1114112K
  class space    used 7898K, committed 8192K, reserved 1048576K
}
Event: 9.063 GC heap after
{Heap after GC invocations=17 (full 0):
 garbage-first heap   total 77824K, used 26885K [0x0000000080a00000, 0x0000000100000000)
  region size 1024K, 3 young (3072K), 3 survivors (3072K)
 Metaspace       used 59873K, committed 60480K, reserved 1114112K
  class space    used 7898K, committed 8192K, reserved 1048576K
}
Event: 62.842 GC heap before
{Heap before GC invocations=18 (full 0):
 garbage-first heap   total 77824K, used 60677K [0x0000000080a00000, 0x0000000100000000)
  region size 1024K, 37 young (37888K), 3 survivors (3072K)
 Metaspace       used 66017K, committed 66688K, reserved 1114112K
  class space    used 8798K, committed 9088K, reserved 1048576K
}
Event: 62.847 GC heap after
{Heap after GC invocations=19 (full 0):
 garbage-first heap   total 77824K, used 29377K [0x0000000080a00000, 0x0000000100000000)
  region size 1024K, 4 young (4096K), 4 survivors (4096K)
 Metaspace       used 66017K, committed 66688K, reserved 1114112K
  class space    used 8798K, committed 9088K, reserved 1048576K
}
Event: 62.854 GC heap before
{Heap before GC invocations=19 (full 0):
 garbage-first heap   total 77824K, used 30401K [0x0000000080a00000, 0x0000000100000000)
  region size 1024K, 5 young (5120K), 4 survivors (4096K)
 Metaspace       used 66017K, committed 66688K, reserved 1114112K
  class space    used 8798K, committed 9088K, reserved 1048576K
}
Event: 62.859 GC heap after
{Heap after GC invocations=20 (full 0):
 garbage-first heap   total 77824K, used 29706K [0x0000000080a00000, 0x0000000100000000)
  region size 1024K, 1 young (1024K), 1 survivors (1024K)
 Metaspace       used 66017K, committed 66688K, reserved 1114112K
  class space    used 8798K, committed 9088K, reserved 1048576K
}

Dll operation events (14 events):
Event: 0.009 Loaded shared library D:\Java\jdk-19\bin\java.dll
Event: 0.020 Loaded shared library D:\Java\jdk-19\bin\jsvml.dll
Event: 0.193 Loaded shared library D:\Java\jdk-19\bin\zip.dll
Event: 0.217 Loaded shared library D:\Java\jdk-19\bin\instrument.dll
Event: 0.235 Loaded shared library D:\Java\jdk-19\bin\net.dll
Event: 0.238 Loaded shared library D:\Java\jdk-19\bin\nio.dll
Event: 0.242 Loaded shared library D:\Java\jdk-19\bin\zip.dll
Event: 0.405 Loaded shared library D:\JetBrains\IntelliJ IDEA Community Edition 2023.1\bin\breakgen64.dll
Event: 0.413 Loaded shared library D:\Java\jdk-19\bin\extnet.dll
Event: 0.460 Loaded shared library D:\Java\jdk-19\bin\jimage.dll
Event: 1.276 Loaded shared library D:\Java\jdk-19\bin\verify.dll
Event: 5.142 Loaded shared library D:\Java\jdk-19\bin\sunmscapi.dll
Event: 5.154 Loaded shared library D:\Java\jdk-19\bin\management.dll
Event: 5.156 Loaded shared library D:\Java\jdk-19\bin\management_ext.dll

Deoptimization events (20 events):
Event: 1936.843 Thread 0x000002dabb19c300 Uncommon trap: trap_request=0xffffffc6 fr.pc=0x000002daa5b8ab24 relative=0x00000000000002a4
Event: 1936.843 Thread 0x000002dabb19c300 Uncommon trap: reason=bimorphic_or_optimized_type_check action=maybe_recompile pc=0x000002daa5b8ab24 method=org.antlr.v4.runtime.atn.SingletonPredictionContext.equals(Ljava/lang/Object;)Z @ 60 c2
Event: 1936.843 Thread 0x000002dabb19c300 DEOPT PACKING pc=0x000002daa5b8ab24 sp=0x000000e2bc0f3d80
Event: 1936.843 Thread 0x000002dabb19c300 DEOPT UNPACKING pc=0x000002daa5296da3 sp=0x000000e2bc0f3d10 mode 2
Event: 1936.843 Thread 0x000002dabb19c300 Uncommon trap: trap_request=0xffffffc6 fr.pc=0x000002daa5b8ab24 relative=0x00000000000002a4
Event: 1936.843 Thread 0x000002dabb19c300 Uncommon trap: reason=bimorphic_or_optimized_type_check action=maybe_recompile pc=0x000002daa5b8ab24 method=org.antlr.v4.runtime.atn.SingletonPredictionContext.equals(Ljava/lang/Object;)Z @ 60 c2
Event: 1936.843 Thread 0x000002dabb19c300 DEOPT PACKING pc=0x000002daa5b8ab24 sp=0x000000e2bc0f3d80
Event: 1936.843 Thread 0x000002dabb19c300 DEOPT UNPACKING pc=0x000002daa5296da3 sp=0x000000e2bc0f3d10 mode 2
Event: 1936.843 Thread 0x000002dabb19c300 Uncommon trap: trap_request=0xffffffc6 fr.pc=0x000002daa5b8ab24 relative=0x00000000000002a4
Event: 1936.843 Thread 0x000002dabb19c300 Uncommon trap: reason=bimorphic_or_optimized_type_check action=maybe_recompile pc=0x000002daa5b8ab24 method=org.antlr.v4.runtime.atn.SingletonPredictionContext.equals(Ljava/lang/Object;)Z @ 60 c2
Event: 1936.843 Thread 0x000002dabb19c300 DEOPT PACKING pc=0x000002daa5b8ab24 sp=0x000000e2bc0f3d80
Event: 1936.843 Thread 0x000002dabb19c300 DEOPT UNPACKING pc=0x000002daa5296da3 sp=0x000000e2bc0f3d10 mode 2
Event: 1936.843 Thread 0x000002dabb19c300 Uncommon trap: trap_request=0xffffffc6 fr.pc=0x000002daa5b8ab24 relative=0x00000000000002a4
Event: 1936.843 Thread 0x000002dabb19c300 Uncommon trap: reason=bimorphic_or_optimized_type_check action=maybe_recompile pc=0x000002daa5b8ab24 method=org.antlr.v4.runtime.atn.SingletonPredictionContext.equals(Ljava/lang/Object;)Z @ 60 c2
Event: 1936.843 Thread 0x000002dabb19c300 DEOPT PACKING pc=0x000002daa5b8ab24 sp=0x000000e2bc0f8240
Event: 1936.843 Thread 0x000002dabb19c300 DEOPT UNPACKING pc=0x000002daa5296da3 sp=0x000000e2bc0f81d0 mode 2
Event: 1936.894 Thread 0x000002dabb19c300 Uncommon trap: trap_request=0xffffff45 fr.pc=0x000002daa5b8929c relative=0x00000000000001dc
Event: 1936.894 Thread 0x000002dabb19c300 Uncommon trap: reason=unstable_if action=reinterpret pc=0x000002daa5b8929c method=java.util.HashMap.getNode(Ljava/lang/Object;)Ljava/util/HashMap$Node; @ 131 c2
Event: 1936.894 Thread 0x000002dabb19c300 DEOPT PACKING pc=0x000002daa5b8929c sp=0x000000e2bc0f5870
Event: 1936.894 Thread 0x000002dabb19c300 DEOPT UNPACKING pc=0x000002daa5296da3 sp=0x000000e2bc0f5780 mode 2

Classes loaded (20 events):
Event: 16.648 Loading class java/util/stream/DoubleStream
Event: 16.648 Loading class java/util/stream/DoubleStream done
Event: 18.116 Loading class java/util/Collections$ReverseComparator
Event: 18.116 Loading class java/util/Collections$ReverseComparator done
Event: 18.116 Loading class java/util/Collections$ReverseComparator2
Event: 18.116 Loading class java/util/Collections$ReverseComparator2 done
Event: 38.402 Loading class java/util/zip/DeflaterOutputStream
Event: 38.403 Loading class java/util/zip/DeflaterOutputStream done
Event: 38.403 Loading class java/util/zip/GZIPInputStream
Event: 38.403 Loading class java/util/zip/GZIPInputStream done
Event: 38.403 Loading class java/util/zip/GZIPOutputStream
Event: 38.403 Loading class java/util/zip/GZIPOutputStream done
Event: 965.249 Loading class java/lang/foreign/MemorySegment
Event: 965.250 Loading class java/lang/foreign/Addressable
Event: 965.250 Loading class java/lang/foreign/Addressable done
Event: 965.250 Loading class java/lang/foreign/MemorySegment done
Event: 1936.708 Loading class java/util/EmptyStackException
Event: 1936.708 Loading class java/util/EmptyStackException done
Event: 1936.713 Loading class java/io/InvalidClassException
Event: 1936.713 Loading class java/io/InvalidClassException done

Classes unloaded (0 events):
No events

Classes redefined (0 events):
No events

Internal exceptions (20 events):
Event: 7.996 Thread 0x000002da95d99fe0 Exception <a 'java/lang/NoSuchMethodError'{0x0000000084050278}: 'java.lang.Object java.lang.invoke.DirectMethodHandle$Holder.newInvokeSpecial(java.lang.Object, java.lang.Object, int)'> (0x0000000084050278) 
thrown [s\open\src\hotspot\share\interpreter\linkResolver.cpp, line 774]
Event: 8.000 Thread 0x000002da95d99fe0 Exception <a 'java/lang/IncompatibleClassChangeError'{0x0000000084075128}: Found class java.lang.Object, but interface was expected> (0x0000000084075128) 
thrown [s\open\src\hotspot\share\interpreter\linkResolver.cpp, line 841]
Event: 8.000 Thread 0x000002da95d99fe0 Exception <a 'java/lang/IncompatibleClassChangeError'{0x000000008407baa8}: Found class java.lang.Object, but interface was expected> (0x000000008407baa8) 
thrown [s\open\src\hotspot\share\interpreter\linkResolver.cpp, line 841]
Event: 8.089 Thread 0x000002da95d99fe0 Exception <a 'java/lang/NoSuchMethodError'{0x0000000083b655c0}: 'long java.lang.invoke.DirectMethodHandle$Holder.invokeVirtual(java.lang.Object, java.lang.Object)'> (0x0000000083b655c0) 
thrown [s\open\src\hotspot\share\interpreter\linkResolver.cpp, line 774]
Event: 8.278 Thread 0x000002da95d99fe0 Exception <a 'sun/nio/fs/WindowsException'{0x0000000083000b38}> (0x0000000083000b38) 
thrown [s\open\src\hotspot\share\prims\jni.cpp, line 517]
Event: 8.290 Thread 0x000002da95d99fe0 Implicit null exception at 0x000002daa58bbb3d to 0x000002daa58bbc06
Event: 8.484 Thread 0x000002da95d99fe0 Exception <a 'java/lang/NoSuchMethodError'{0x00000000849376b0}: 'java.lang.Object java.lang.invoke.DirectMethodHandle$Holder.newInvokeSpecial(java.lang.Object, java.lang.Object, java.lang.Object, java.lang.Object, java.lang.Object, java.lang.Object, java.lang.Object, java.lang.Object)'> (0x00000000849376b0) 
thrown [s\open\src\hotspot\share\interpreter\linkResolver.cpp, line 774]
Event: 8.810 Thread 0x000002da95d99fe0 Exception <a 'java/lang/IncompatibleClassChangeError'{0x000000008380e650}: Found class java.lang.Object, but interface was expected> (0x000000008380e650) 
thrown [s\open\src\hotspot\share\interpreter\linkResolver.cpp, line 841]
Event: 8.897 Thread 0x000002da95d99fe0 Exception <a 'java/lang/NoSuchMethodError'{0x00000000833a5478}: 'java.lang.Object java.lang.invoke.DirectMethodHandle$Holder.invokeInterface(java.lang.Object, java.lang.Object, java.lang.Object, java.lang.Object)'> (0x00000000833a5478) 
thrown [s\open\src\hotspot\share\interpreter\linkResolver.cpp, line 774]
Event: 8.952 Thread 0x000002da95d99fe0 Exception <a 'java/lang/NoSuchMethodError'{0x00000000862c5c88}: 'void java.lang.invoke.DirectMethodHandle$Holder.invokeVirtual(java.lang.Object, java.lang.Object, long)'> (0x00000000862c5c88) 
thrown [s\open\src\hotspot\share\interpreter\linkResolver.cpp, line 774]
Event: 9.024 Thread 0x000002da95d99fe0 Exception <a 'java/lang/NoSuchMethodError'{0x0000000085edcb10}: 'int java.lang.invoke.DirectMethodHandle$Holder.invokeStaticInit(java.lang.Object, java.lang.Object, java.lang.Object, java.lang.Object)'> (0x0000000085edcb10) 
thrown [s\open\src\hotspot\share\interpreter\linkResolver.cpp, line 774]
Event: 9.292 Thread 0x000002da95d99fe0 Exception <a 'java/lang/NoSuchMethodError'{0x0000000084608c40}: 'java.lang.Object java.lang.invoke.DirectMethodHandle$Holder.newInvokeSpecial(java.lang.Object, java.lang.Object, int, java.lang.Object, java.lang.Object)'> (0x0000000084608c40) 
thrown [s\open\src\hotspot\share\interpreter\linkResolver.cpp, line 774]
Event: 9.293 Thread 0x000002da95d99fe0 Exception <a 'java/lang/NoSuchMethodError'{0x0000000084613f58}: 'java.lang.Object java.lang.invoke.DirectMethodHandle$Holder.invokeSpecial(java.lang.Object, java.lang.Object, int, java.lang.Object, int, java.lang.Object)'> (0x0000000084613f58) 
thrown [s\open\src\hotspot\share\interpreter\linkResolver.cpp, line 774]
Event: 9.293 Thread 0x000002da95d99fe0 Exception <a 'java/lang/NoSuchMethodError'{0x000000008461b940}: 'java.lang.Object java.lang.invoke.DirectMethodHandle$Holder.newInvokeSpecial(java.lang.Object, java.lang.Object, int, java.lang.Object, int)'> (0x000000008461b940) 
thrown [s\open\src\hotspot\share\interpreter\linkResolver.cpp, line 774]
Event: 9.294 Thread 0x000002da95d99fe0 Exception <a 'java/lang/NoSuchMethodError'{0x000000008461fa10}: 'java.lang.Object java.lang.invoke.DirectMethodHandle$Holder.invokeSpecial(java.lang.Object, java.lang.Object, java.lang.Object, int, java.lang.Object, int)'> (0x000000008461fa10) 
thrown [s\open\src\hotspot\share\interpreter\linkResolver.cpp, line 774]
Event: 16.005 Thread 0x000002dabb19bdb0 Exception <a 'java/lang/NoSuchMethodError'{0x000000008420c080}: 'java.lang.Object java.lang.invoke.DirectMethodHandle$Holder.invokeSpecial(java.lang.Object, java.lang.Object, java.lang.Object, java.lang.Object, java.lang.Object, long)'> (0x000000008420c080) 
thrown [s\open\src\hotspot\share\interpreter\linkResolver.cpp, line 774]
Event: 16.006 Thread 0x000002dabb19bdb0 Exception <a 'java/lang/NoSuchMethodError'{0x000000008420fa88}: 'java.lang.Object java.lang.invoke.Invokers$Holder.linkToTargetMethod(java.lang.Object, java.lang.Object, java.lang.Object, long, java.lang.Object)'> (0x000000008420fa88) 
thrown [s\open\src\hotspot\share\interpreter\linkResolver.cpp, line 774]
Event: 16.463 Thread 0x000002dabb19bdb0 Exception <a 'java/lang/IncompatibleClassChangeError'{0x00000000837fbd78}: Found class java.lang.Object, but interface was expected> (0x00000000837fbd78) 
thrown [s\open\src\hotspot\share\interpreter\linkResolver.cpp, line 841]
Event: 1936.921 Thread 0x000002dabb19c300 Exception <a 'java/lang/NoSuchMethodError'{0x0000000083abadf8}: 'int java.lang.invoke.DirectMethodHandle$Holder.invokeStatic(java.lang.Object)'> (0x0000000083abadf8) 
thrown [s\open\src\hotspot\share\interpreter\linkResolver.cpp, line 774]
Event: 1936.976 Thread 0x000002dabb19c300 Exception <a 'java/lang/NoSuchMethodError'{0x00000000839546e8}: 'java.lang.Object java.lang.invoke.DirectMethodHandle$Holder.invokeInterface(java.lang.Object, java.lang.Object, java.lang.Object, java.lang.Object, java.lang.Object)'> (0x00000000839546e8) 
thrown [s\open\src\hotspot\share\interpreter\linkResolver.cpp, line 774]

VM Operations (20 events):
Event: 1327.715 Executing VM operation: Cleanup
Event: 1327.715 Executing VM operation: Cleanup done
Event: 1359.972 Executing VM operation: Cleanup
Event: 1359.972 Executing VM operation: Cleanup done
Event: 1456.741 Executing VM operation: Cleanup
Event: 1456.741 Executing VM operation: Cleanup done
Event: 1706.000 Executing VM operation: Cleanup
Event: 1706.000 Executing VM operation: Cleanup done
Event: 1744.317 Executing VM operation: Cleanup
Event: 1744.317 Executing VM operation: Cleanup done
Event: 1767.484 Executing VM operation: Cleanup
Event: 1767.485 Executing VM operation: Cleanup done
Event: 1922.771 Executing VM operation: Cleanup
Event: 1922.771 Executing VM operation: Cleanup done
Event: 1936.726 Executing VM operation: HandshakeAllThreads
Event: 1936.726 Executing VM operation: HandshakeAllThreads done
Event: 1936.726 Executing VM operation: Cleanup
Event: 1936.726 Executing VM operation: Cleanup done
Event: 1936.887 Executing VM operation: HandshakeAllThreads
Event: 1936.887 Executing VM operation: HandshakeAllThreads done

Events (20 events):
Event: 9.326 Thread 0x000002dab9ffd7c0 Thread added: 0x000002dab9ffd7c0
Event: 9.368 Thread 0x000002da95d99fe0 Thread exited: 0x000002da95d99fe0
Event: 9.368 Thread 0x000002dab9ffe260 Thread added: 0x000002dab9ffe260
Event: 11.617 Thread 0x000002dabb199dd0 Thread exited: 0x000002dabb199dd0
Event: 14.514 Thread 0x000002dab933a260 Thread exited: 0x000002dab933a260
Event: 62.878 Thread 0x000002dab86ded30 Thread added: 0x000002dab86ded30
Event: 67.343 Thread 0x000002dab86ded30 Thread exited: 0x000002dab86ded30
Event: 1767.219 Thread 0x000002dab9ff92b0 Thread added: 0x000002dab9ff92b0
Event: 1767.219 Thread 0x000002dab9ff8d60 Thread added: 0x000002dab9ff8d60
Event: 1775.986 Thread 0x000002dab9ff92b0 Thread exited: 0x000002dab9ff92b0
Event: 1776.018 Thread 0x000002dab9ff8d60 Thread exited: 0x000002dab9ff8d60
Event: 1783.429 Thread 0x000002dab9ff9800 Thread added: 0x000002dab9ff9800
Event: 1783.429 Thread 0x000002dab9ffed00 Thread added: 0x000002dab9ffed00
Event: 1789.004 Thread 0x000002dab9ff9800 Thread exited: 0x000002dab9ff9800
Event: 1789.035 Thread 0x000002dab9ffed00 Thread exited: 0x000002dab9ffed00
Event: 1792.858 Thread 0x000002dab9fffcf0 Thread added: 0x000002dab9fffcf0
Event: 1792.859 Thread 0x000002dab9ffa7f0 Thread added: 0x000002dab9ffa7f0
Event: 1808.251 Thread 0x000002dab9fffcf0 Thread exited: 0x000002dab9fffcf0
Event: 1808.283 Thread 0x000002dab9ffa7f0 Thread exited: 0x000002dab9ffa7f0
Event: 1936.817 Thread 0x000002dab962d1e0 Thread added: 0x000002dab962d1e0


Dynamic libraries:
0x00007ff6e62d0000 - 0x00007ff6e62e0000 	D:\Java\jdk-19\bin\java.exe
0x00007ffa74cf0000 - 0x00007ffa74ee8000 	C:\Windows\SYSTEM32\ntdll.dll
0x00007ffa74b10000 - 0x00007ffa74bcf000 	C:\Windows\System32\KERNEL32.DLL
0x00007ffa72400000 - 0x00007ffa726da000 	C:\Windows\System32\KERNELBASE.dll
0x00007ffa72890000 - 0x00007ffa72990000 	C:\Windows\System32\ucrtbase.dll
0x00007ffa4d3c0000 - 0x00007ffa4d3db000 	D:\Java\jdk-19\bin\VCRUNTIME140.dll
0x00007ffa4d530000 - 0x00007ffa4d548000 	D:\Java\jdk-19\bin\jli.dll
0x00007ffa74960000 - 0x00007ffa74a0e000 	C:\Windows\System32\ADVAPI32.dll
0x00007ffa74a70000 - 0x00007ffa74b0e000 	C:\Windows\System32\msvcrt.dll
0x00007ffa738b0000 - 0x00007ffa7394c000 	C:\Windows\System32\sechost.dll
0x00007ffa73a50000 - 0x00007ffa73b76000 	C:\Windows\System32\RPCRT4.dll
0x00007ffa735f0000 - 0x00007ffa7378d000 	C:\Windows\System32\USER32.dll
0x00007ffa727f0000 - 0x00007ffa72812000 	C:\Windows\System32\win32u.dll
0x00007ffa73270000 - 0x00007ffa7329b000 	C:\Windows\System32\GDI32.dll
0x00007ffa62c60000 - 0x00007ffa62efa000 	C:\Windows\WinSxS\amd64_microsoft.windows.common-controls_6595b64144ccf1df_6.0.19041.1110_none_60b5254171f9507e\COMCTL32.dll
0x00007ffa72c40000 - 0x00007ffa72d50000 	C:\Windows\System32\gdi32full.dll
0x00007ffa72990000 - 0x00007ffa72a2d000 	C:\Windows\System32\msvcp_win.dll
0x00007ffa6d530000 - 0x00007ffa6d53a000 	C:\Windows\SYSTEM32\VERSION.dll
0x00007ffa73950000 - 0x00007ffa73980000 	C:\Windows\System32\IMM32.DLL
0x00007ffa50c50000 - 0x00007ffa50c5c000 	D:\Java\jdk-19\bin\vcruntime140_1.dll
0x00007ffa43cf0000 - 0x00007ffa43d7e000 	D:\Java\jdk-19\bin\msvcp140.dll
0x00007ffa32540000 - 0x00007ffa33200000 	D:\Java\jdk-19\bin\server\jvm.dll
0x00007ffa6fd40000 - 0x00007ffa6fd49000 	C:\Windows\SYSTEM32\WSOCK32.dll
0x00007ffa73d30000 - 0x00007ffa73d9b000 	C:\Windows\System32\WS2_32.dll
0x00007ffa629b0000 - 0x00007ffa629d7000 	C:\Windows\SYSTEM32\WINMM.dll
0x00007ffa70200000 - 0x00007ffa70212000 	C:\Windows\SYSTEM32\kernel.appcore.dll
0x00007ffa4fa30000 - 0x00007ffa4fa3a000 	D:\Java\jdk-19\bin\jimage.dll
0x00007ffa62350000 - 0x00007ffa62534000 	C:\Windows\SYSTEM32\DBGHELP.DLL
0x00007ffa622b0000 - 0x00007ffa622e4000 	C:\Windows\SYSTEM32\dbgcore.DLL
0x00007ffa72710000 - 0x00007ffa72792000 	C:\Windows\System32\bcryptPrimitives.dll
0x00007ffa44420000 - 0x00007ffa4442e000 	D:\Java\jdk-19\bin\instrument.dll
0x00007ffa4a980000 - 0x00007ffa4a9a6000 	D:\Java\jdk-19\bin\java.dll
0x00007ffa34390000 - 0x00007ffa34467000 	D:\Java\jdk-19\bin\jsvml.dll
0x00007ffa73da0000 - 0x00007ffa744e4000 	C:\Windows\System32\SHELL32.dll
0x00007ffa704e0000 - 0x00007ffa70c73000 	C:\Windows\SYSTEM32\windows.storage.dll
0x00007ffa72f10000 - 0x00007ffa73264000 	C:\Windows\System32\combase.dll
0x00007ffa71d80000 - 0x00007ffa71dae000 	C:\Windows\SYSTEM32\Wldp.dll
0x00007ffa734e0000 - 0x00007ffa7358d000 	C:\Windows\System32\SHCORE.dll
0x00007ffa72e90000 - 0x00007ffa72ee5000 	C:\Windows\System32\shlwapi.dll
0x00007ffa72340000 - 0x00007ffa7235f000 	C:\Windows\SYSTEM32\profapi.dll
0x00007ffa48ec0000 - 0x00007ffa48ed8000 	D:\Java\jdk-19\bin\zip.dll
0x00007ffa4d120000 - 0x00007ffa4d133000 	D:\Java\jdk-19\bin\net.dll
0x00007ffa6aa00000 - 0x00007ffa6ab0a000 	C:\Windows\SYSTEM32\WINHTTP.dll
0x00007ffa71ae0000 - 0x00007ffa71b4a000 	C:\Windows\system32\mswsock.dll
0x00007ffa4a960000 - 0x00007ffa4a976000 	D:\Java\jdk-19\bin\nio.dll
0x00007ffa43c40000 - 0x00007ffa43c5a000 	D:\JetBrains\IntelliJ IDEA Community Edition 2023.1\bin\breakgen64.dll
0x00007ffa4f990000 - 0x00007ffa4f998000 	D:\Java\jdk-19\bin\extnet.dll
0x00007ffa48030000 - 0x00007ffa48040000 	D:\Java\jdk-19\bin\verify.dll
0x00007ffa71ce0000 - 0x00007ffa71cf8000 	C:\Windows\SYSTEM32\CRYPTSP.dll
0x00007ffa71400000 - 0x00007ffa71434000 	C:\Windows\system32\rsaenh.dll
0x00007ffa726e0000 - 0x00007ffa72707000 	C:\Windows\System32\bcrypt.dll
0x00007ffa72300000 - 0x00007ffa7232e000 	C:\Windows\SYSTEM32\USERENV.dll
0x00007ffa71cd0000 - 0x00007ffa71cdc000 	C:\Windows\SYSTEM32\CRYPTBASE.dll
0x00007ffa717d0000 - 0x00007ffa7180c000 	C:\Windows\SYSTEM32\IPHLPAPI.DLL
0x00007ffa732b0000 - 0x00007ffa732b8000 	C:\Windows\System32\NSI.dll
0x00007ffa6bab0000 - 0x00007ffa6bac7000 	C:\Windows\SYSTEM32\dhcpcsvc6.DLL
0x00007ffa6ba90000 - 0x00007ffa6baad000 	C:\Windows\SYSTEM32\dhcpcsvc.DLL
0x00007ffa71810000 - 0x00007ffa718db000 	C:\Windows\SYSTEM32\DNSAPI.dll
0x00007ffa42ca0000 - 0x00007ffa42cae000 	D:\Java\jdk-19\bin\sunmscapi.dll
0x00007ffa72ae0000 - 0x00007ffa72c36000 	C:\Windows\System32\CRYPT32.dll
0x00007ffa71df0000 - 0x00007ffa71e18000 	C:\Windows\SYSTEM32\ncrypt.dll
0x00007ffa71db0000 - 0x00007ffa71deb000 	C:\Windows\SYSTEM32\NTASN1.dll
0x00007ffa42e80000 - 0x00007ffa42e8a000 	D:\Java\jdk-19\bin\management.dll
0x00007ffa42e70000 - 0x00007ffa42e7b000 	D:\Java\jdk-19\bin\management_ext.dll
0x00007ffa72e80000 - 0x00007ffa72e88000 	C:\Windows\System32\PSAPI.DLL
0x00007ffa68ff0000 - 0x00007ffa68ffa000 	C:\Windows\System32\rasadhlp.dll
0x00007ffa6a0b0000 - 0x00007ffa6a130000 	C:\Windows\System32\fwpuclnt.dll
0x00007ffa58c30000 - 0x00007ffa58c37000 	C:\Windows\system32\wshunix.dll

dbghelp: loaded successfully - version: 4.0.5 - missing functions: none
symbol engine: initialized successfully - sym options: 0x614 - pdb path: .;D:\Java\jdk-19\bin;C:\Windows\SYSTEM32;C:\Windows\WinSxS\amd64_microsoft.windows.common-controls_6595b64144ccf1df_6.0.19041.1110_none_60b5254171f9507e;D:\Java\jdk-19\bin\server;D:\JetBrains\IntelliJ IDEA Community Edition 2023.1\bin

VM Arguments:
jvm_args: -javaagent:D:\JetBrains\IntelliJ IDEA Community Edition 2023.1\lib\idea_rt.jar=49971:D:\JetBrains\IntelliJ IDEA Community Edition 2023.1\bin -Dfile.encoding=UTF-8 -Dsun.stdout.encoding=UTF-8 -Dsun.stderr.encoding=UTF-8 
java_command: Backend.example.BackEndCRUD.BackEndCrudApplication
java_class_path (initial): D:\AAEstudio\CursoPrograma2022\BackEndCRUD\target\classes;C:\Users\matu_\.m2\repository\org\springframework\boot\spring-boot-starter-data-jpa\3.0.5\spring-boot-starter-data-jpa-3.0.5.jar;C:\Users\matu_\.m2\repository\org\springframework\boot\spring-boot-starter-aop\3.0.5\spring-boot-starter-aop-3.0.5.jar;C:\Users\matu_\.m2\repository\org\aspectj\aspectjweaver\1.9.19\aspectjweaver-1.9.19.jar;C:\Users\matu_\.m2\repository\org\springframework\boot\spring-boot-starter-jdbc\3.0.5\spring-boot-starter-jdbc-3.0.5.jar;C:\Users\matu_\.m2\repository\com\zaxxer\HikariCP\5.0.1\HikariCP-5.0.1.jar;C:\Users\matu_\.m2\repository\org\springframework\spring-jdbc\6.0.7\spring-jdbc-6.0.7.jar;C:\Users\matu_\.m2\repository\org\hibernate\orm\hibernate-core\6.1.7.Final\hibernate-core-6.1.7.Final.jar;C:\Users\matu_\.m2\repository\jakarta\persistence\jakarta.persistence-api\3.1.0\jakarta.persistence-api-3.1.0.jar;C:\Users\matu_\.m2\repository\jakarta\transaction\jakarta.transaction-api\2.0.1\jakarta.transaction-api-2.0.1.jar;C:\Users\matu_\.m2\repository\org\jboss\logging\jboss-logging\3.5.0.Final\jboss-logging-3.5.0.Final.jar;C:\Users\matu_\.m2\repository\org\hibernate\common\hibernate-commons-annotations\6.0.6.Final\hibernate-commons-annotations-6.0.6.Final.jar;C:\Users\matu_\.m2\repository\org\jboss\jandex\2.4.2.Final\jandex-2.4.2.Final.jar;C:\Users\matu_\.m2\repository\com\fasterxml\classmate\1.5.1\classmate-1.5.1.jar;C:\Users\matu_\.m2\repository\net\bytebuddy\byte-buddy\1.12.23\byte-buddy-1.12.23.jar;C:\Users\matu_\.m2\repository\org\glassfish\jaxb\jaxb-runtime\4.0.2\jaxb-runtime-4.0.2.jar;C:\Users\matu_\.m2\repository\org\glassfish\jaxb\jaxb-core\4.0.2\jaxb-core-4.0.2.jar;C:\Users\matu_\.m2\repository\org\eclipse\angus\angus-activation\2.0.0\angus-activation-2.0.0.jar;C:\Users\matu_\.m2\repository\org\glassfish\jaxb\txw2\4.0.2\txw2-4.0.2.jar;C:\Users\matu_\.m2\repository\com\sun\istack\istack-commons-runtime\4.1.1\istack-commons-runtime-4.1.1.jar;C:\Users\matu_\.m2\repository\jakarta\inject\jakarta.inject-api\2.0.0\jakarta.inject-api-2.0.0.jar;C:\Users\matu_\.m2\repository\org\antlr\antlr4-runtime\4.10.1\antlr4-runtime-4.10.1.jar;C:\Users\matu_\.m2\repository\org\springframework\data\spring-data-jpa\3.0.4\spring-data-jpa-3.0.4.jar;C:\Users\matu_\.m2\repository\org\springframework\data\spring-data-commons\3.0.4\spring-data-commons-3.0.4.jar;C:\Users\matu_\.m2\repository\org\springframework\spring-orm\6.0.7\spring-orm-6.0.7.jar;C:\Users\matu_\.m2\repository\org\springframework\spring-context\6.0.7\spring-context-6.0.7.jar;C:\Users\matu_\.m2\repository\org\springframework\spring-tx\6.0.7\spring-tx-6.0.7.jar;C:\Users\matu_\.m2\repository\org\springframework\spring-beans\6.0.7\spring-beans-6.0.7.jar;C:\Users\matu_\.m2\repository\jakarta\annotation\jakarta.annotation-api\2.1.1\jakarta.annotation-api-2.1.1.jar;C:\Users\matu_\.m2\repository\org\slf4j\slf4j-api\2.0.7\slf4j-api-2.0.7.jar;C:\Users\matu_\.m2\repository\org\springframework\spring-aspects\6.0.7\spring-aspects-6.0.7.jar;C:\Users\matu_\.m2\repository\org\springframework\boot\spring-boot-starter-security\3.0.5\spring-boot-starter-security-3.0.5.jar;C:\Users\matu_\.m2\repository\org\springframework\boot\spring-boot-starter\3.0.5\spring-boot-starter-3.0.5.jar;C:\Users\matu_\.m2\repository\org\springframework\boot\spring-boot\3.0.5\spring-boot-3.0.5.jar;C:\Users\matu_\.m2\repository\org\springframework\boot\spring-boot-autoconfigure\3.0.5\spring-boot-autoconfigure-3.0.5.jar;C:\Users\matu_\.m2\repository\org\springframework\boot\spring-boot-starter-logging\3.0.5\spring-boot-starter-logging-3.0.5.jar;C:\Users\matu_\.m2\repository\ch\qos\logback\logback-classic\1.4.6\logback-classic-1.4.6.jar;C:\Users\matu_\.m2\repository\ch\qos\logback\logback-core\1.4.6\logback-core-1.4.6.jar;C:\Users\matu_\.m2\repository\org\apache\logging\log4j\log4j-to-slf4j\2.19.0\log4j-to-slf4j-2.19.0.jar;C:\Users\matu_\.m2\repository\org\apache\logging\log4j\log4j-api\2.19.0\log4j-api-2.19.0.jar;C:\Users\matu_\.m2\repository\org\slf4j\jul-to-slf4j\2.0.7\jul-to-slf4j-2.0.7.jar;C:\Users\matu_\.m2\repository\org\yaml\snakeyaml\1.33\snakeyaml-1.33.jar;C:\Users\matu_\.m2\repository\org\springframework\spring-aop\6.0.7\spring-aop-6.0.7.jar;C:\Users\matu_\.m2\repository\org\springframework\security\spring-security-config\6.0.2\spring-security-config-6.0.2.jar;C:\Users\matu_\.m2\repository\org\springframework\security\spring-security-web\6.0.2\spring-security-web-6.0.2.jar;C:\Users\matu_\.m2\repository\org\springframework\spring-expression\6.0.7\spring-expression-6.0.7.jar;C:\Users\matu_\.m2\repository\org\springframework\boot\spring-boot-starter-validation\3.0.5\spring-boot-starter-validation-3.0.5.jar;C:\Users\matu_\.m2\repository\org\apache\tomcat\embed\tomcat-embed-el\10.1.7\tomcat-embed-el-10.1.7.jar;C:\Users\matu_\.m2\repository\org\hibernate\validator\hibernate-validator\8.0.0.Final\hibernate-validator-8.0.0.Final.jar;C:\Users\matu_\.m2\repository\jakarta\validation\jakarta.validation-api\3.0.2\jakarta.validation-api-3.0.2.jar;C:\Users\matu_\.m2\repository\org\springframework\boot\spring-boot-starter-web\3.0.5\spring-boot-starter-web-3.0.5.jar;C:\Users\matu_\.m2\repository\org\springframework\boot\spring-boot-starter-json\3.0.5\spring-boot-starter-json-3.0.5.jar;C:\Users\matu_\.m2\repository\com\fasterxml\jackson\datatype\jackson-datatype-jdk8\2.14.2\jackson-datatype-jdk8-2.14.2.jar;C:\Users\matu_\.m2\repository\com\fasterxml\jackson\datatype\jackson-datatype-jsr310\2.14.2\jackson-datatype-jsr310-2.14.2.jar;C:\Users\matu_\.m2\repository\com\fasterxml\jackson\module\jackson-module-parameter-names\2.14.2\jackson-module-parameter-names-2.14.2.jar;C:\Users\matu_\.m2\repository\org\springframework\boot\spring-boot-starter-tomcat\3.0.5\spring-boot-starter-tomcat-3.0.5.jar;C:\Users\matu_\.m2\repository\org\apache\tomcat\embed\tomcat-embed-core\10.1.7\tomcat-embed-core-10.1.7.jar;C:\Users\matu_\.m2\repository\org\apache\tomcat\embed\tomcat-embed-websocket\10.1.7\tomcat-embed-websocket-10.1.7.jar;C:\Users\matu_\.m2\repository\org\springframework\spring-web\6.0.7\spring-web-6.0.7.jar;C:\Users\matu_\.m2\repository\io\micrometer\micrometer-observation\1.10.5\micrometer-observation-1.10.5.jar;C:\Users\matu_\.m2\repository\io\micrometer\micrometer-commons\1.10.5\micrometer-commons-1.10.5.jar;C:\Users\matu_\.m2\repository\org\springframework\spring-webmvc\6.0.7\spring-webmvc-6.0.7.jar;C:\Users\matu_\.m2\repository\org\mariadb\jdbc\mariadb-java-client\3.0.10\mariadb-java-client-3.0.10.jar;C:\Users\matu_\.m2\repository\org\projectlombok\lombok\1.18.26\lombok-1.18.26.jar;C:\Users\matu_\.m2\repository\jakarta\xml\bind\jakarta.xml.bind-api\4.0.0\jakarta.xml.bind-api-4.0.0.jar;C:\Users\matu_\.m2\repository\jakarta\activation\jakarta.activation-api\2.1.1\jakarta.activation-api-2.1.1.jar;C:\Users\matu_\.m2\repository\org\springframework\spring-core\6.0.7\spring-core-6.0.7.jar;C:\Users\matu_\.m2\repository\org\springframework\spring-jcl\6.0.7\spring-jcl-6.0.7.jar;C:\Users\matu_\.m2\repository\org\springframework\security\spring-security-core\6.0.2\spring-security-core-6.0.2.jar;C:\Users\matu_\.m2\repository\org\springframework\security\spring-security-crypto\6.0.2\spring-security-crypto-6.0.2.jar;C:\Users\matu_\.m2\repository\io\jsonwebtoken\jjwt-api\0.11.5\jjwt-api-0.11.5.jar;C:\Users\matu_\.m2\repository\io\jsonwebtoken\jjwt-impl\0.11.5\jjwt-impl-0.11.5.jar;C:\Users\matu_\.m2\repository\io\jsonwebtoken\jjwt-jackson\0.11.5\jjwt-jackson-0.11.5.jar;C:\Users\matu_\.m2\repository\com\fasterxml\jackson\core\jackson-databind\2.14.2\jackson-databind-2.14.2.jar;C:\Users\matu_\.m2\repository\com\fasterxml\jackson\core\jackson-annotations\2.14.2\jackson-annotations-2.14.2.jar;C:\Users\matu_\.m2\repository\com\fasterxml\jackson\core\jackson-core\2.14.2\jackson-core-2.14.2.jar;C:\Users\matu_\.m2\repository\com\nimbusds\nimbus-jose-jwt\9.31\nimbus-jose-jwt-9.31.jar;C:\Users\matu_\.m2\repository\com\github\stephenc\jcip\jcip-annotations\1.0-1\jcip-annotations-1.0-1.jar;C:\Users\matu_\.m2\repository\org\springframework\boot\spring-boot-starter-thymeleaf\3.0.5\spring-boot-starter-thymeleaf-3.0.5.jar;C:\Users\matu_\.m2\repository\org\thymeleaf\thymeleaf-spring6\3.1.1.RELEASE\thymeleaf-spring6-3.1.1.RELEASE.jar;C:\Users\matu_\.m2\repository\org\thymeleaf\thymeleaf\3.1.1.RELEASE\thymeleaf-3.1.1.RELEASE.jar;C:\Users\matu_\.m2\repository\org\attoparser\attoparser\2.0.6.RELEASE\attoparser-2.0.6.RELEASE.jar;C:\Users\matu_\.m2\repository\org\unbescape\unbescape\1.1.6.RELEASE\unbescape-1.1.6.RELEASE.jar
Launcher Type: SUN_STANDARD

[Global flags]
     intx CICompilerCount                          = 3                                         {product} {ergonomic}
     uint ConcGCThreads                            = 1                                         {product} {ergonomic}
     uint G1ConcRefinementThreads                  = 4                                         {product} {ergonomic}
   size_t G1HeapRegionSize                         = 1048576                                   {product} {ergonomic}
    uintx GCDrainStackTargetSize                   = 64                                        {product} {ergonomic}
   size_t InitialHeapSize                          = 134217728                                 {product} {ergonomic}
   size_t MarkStackSize                            = 4194304                                   {product} {ergonomic}
   size_t MaxHeapSize                              = 2136997888                                {product} {ergonomic}
   size_t MaxNewSize                               = 1281359872                                {product} {ergonomic}
   size_t MinHeapDeltaBytes                        = 1048576                                   {product} {ergonomic}
   size_t MinHeapSize                              = 8388608                                   {product} {ergonomic}
    uintx NonNMethodCodeHeapSize                   = 5832780                                {pd product} {ergonomic}
    uintx NonProfiledCodeHeapSize                  = 122912730                              {pd product} {ergonomic}
    uintx ProfiledCodeHeapSize                     = 122912730                              {pd product} {ergonomic}
    uintx ReservedCodeCacheSize                    = 251658240                              {pd product} {ergonomic}
     bool SegmentedCodeCache                       = true                                      {product} {ergonomic}
   size_t SoftMaxHeapSize                          = 2136997888                             {manageable} {ergonomic}
     bool UseCompressedClassPointers               = true                           {product lp64_product} {ergonomic}
     bool UseCompressedOops                        = true                           {product lp64_product} {ergonomic}
     bool UseG1GC                                  = true                                      {product} {ergonomic}
     bool UseLargePagesIndividualAllocation        = false                                  {pd product} {ergonomic}

Logging:
Log output configuration:
 #0: stdout all=warning uptime,level,tags foldmultilines=false
 #1: stderr all=off uptime,level,tags foldmultilines=false

Environment Variables:
JAVA_HOME=D:\Java\jdk-17
PATH=C:\Program Files (x86)\Common Files\Oracle\Java\javapath;C:\Windows\system32;C:\Windows;C:\Windows\System32\Wbem;C:\Windows\System32\WindowsPowerShell\v1.0\;C:\Windows\System32\OpenSSH\;D:\Git\cmd;D:\nodejs\;D:\Java\jdk-17\bin;C:\Program Files\Maven\apache-maven-3.9.1\bin;C:\Users\matu_\AppData\Roaming\npm;C:\Users\matu_\AppData\Roaming\npm\node_modules\@angular\cli\bin;C:\Users\matu_\AppData\Local\Microsoft\WindowsApps;D:\MicrosoftVSC\bin;C:\Users\matu_\AppData\Roaming\npm;C:\Program Files\Maven\apache-maven-3.9.1\bin;D:\Java\jdk-17\bin;
USERNAME=matu_
OS=Windows_NT
PROCESSOR_IDENTIFIER=Intel64 Family 6 Model 58 Stepping 9, GenuineIntel
TMP=C:\Users\matu_\AppData\Local\Temp
TEMP=C:\Users\matu_\AppData\Local\Temp



---------------  S Y S T E M  ---------------

OS:
 Windows 10 , 64 bit Build 19041 (10.0.19041.2788)
OS uptime: 0 days 0:53 hours

CPU: total 4 (initial active 4) (4 cores per cpu, 1 threads per core) family 6 model 58 stepping 9 microcode 0x21, cx8, cmov, fxsr, mmx, sse, sse2, sse3, ssse3, sse4.1, sse4.2, popcnt, tsc, tscinvbit, avx, aes, erms, clmul, vzeroupper, clflush, rdtscp

Memory: 4k page, system-wide physical 8151M (1793M free)
TotalPageFile size 10199M (AvailPageFile size 3M)
current process WorkingSet (physical memory assigned to process): 279M, peak: 279M
current process commit charge ("private bytes"): 312M, peak: 312M

vm_info: Java HotSpot(TM) 64-Bit Server VM (19.0.2+7-44) for windows-amd64 JRE (19.0.2+7-44), built on 2022-11-30T18:02:09Z by "mach5one" with MS VC++ 17.1 (VS2022)

END.
