#
# There is insufficient memory for the Java Runtime Environment to continue.
# Native memory allocation (mmap) failed to map 65536 bytes for Failed to commit metaspace.
# Possible reasons:
#   The system is out of physical RAM or swap space
#   The process is running with CompressedOops enabled, and the Java Heap may be blocking the growth of the native heap
# Possible solutions:
#   Reduce memory load on the system
#   Increase physical memory or swap space
#   Check if swap backing store is full
#   Decrease Java heap size (-Xmx/-Xms)
#   Decrease number of Java threads
#   Decrease Java thread stack sizes (-Xss)
#   Set larger code cache with -XX:ReservedCodeCacheSize=
#   JVM is running with Unscaled Compressed Oops mode in which the Java heap is
#     placed in the first 4GB address space. The Java Heap base address is the
#     maximum limit for the native heap growth. Please use -XX:HeapBaseMinAddress
#     to set the Java Heap base and to place the Java Heap above 4GB virtual address.
# This output file may be truncated or incomplete.
#
#  Out of Memory Error (virtualSpaceNode.cpp:110), pid=4044, tid=9140
#
# JRE version: Java(TM) SE Runtime Environment (19.0.2+7) (build 19.0.2+7-44)
# Java VM: Java HotSpot(TM) 64-Bit Server VM (19.0.2+7-44, mixed mode, sharing, tiered, compressed oops, compressed class ptrs, g1 gc, windows-amd64)
# No core dump will be written. Minidumps are not enabled by default on client versions of Windows
#

---------------  S U M M A R Y ------------

Command Line: -javaagent:D:\JetBrains\IntelliJ IDEA Community Edition 2023.1\lib\idea_rt.jar=54181:D:\JetBrains\IntelliJ IDEA Community Edition 2023.1\bin -Dfile.encoding=UTF-8 -Dsun.stdout.encoding=UTF-8 -Dsun.stderr.encoding=UTF-8 Backend.example.BackEndCRUD.BackEndCrudApplication

Host: Intel(R) Core(TM) i5-3470 CPU @ 3.20GHz, 4 cores, 7G,  Windows 10 , 64 bit Build 19041 (10.0.19041.2788)
Time: Thu Apr 20 11:36:52 2023 Hora estándar de Argentina elapsed time: 11.230715 seconds (0d 0h 0m 11s)

---------------  T H R E A D  ---------------

Current thread (0x000002355ee0add0):  JavaThread "main" [_thread_in_vm, id=9140, stack(0x0000008bf6300000,0x0000008bf6400000)]

Stack: [0x0000008bf6300000,0x0000008bf6400000]
Native frames: (J=compiled Java code, j=interpreted, Vv=VM code, C=native code)
V  [jvm.dll+0x6ee21a]
V  [jvm.dll+0x85765e]
V  [jvm.dll+0x85904e]
V  [jvm.dll+0x859703]
V  [jvm.dll+0x28298f]
V  [jvm.dll+0x8532db]
V  [jvm.dll+0x692cb6]
V  [jvm.dll+0x692d1a]
V  [jvm.dll+0x695613]
V  [jvm.dll+0x6954de]
V  [jvm.dll+0x6936de]
V  [jvm.dll+0x69dd07]
V  [jvm.dll+0x21e072]
V  [jvm.dll+0x21e5a5]
V  [jvm.dll+0x21ef01]
V  [jvm.dll+0x2146a1]
V  [jvm.dll+0x5a9cb6]
V  [jvm.dll+0x2257aa]
V  [jvm.dll+0x7cc802]
V  [jvm.dll+0x7cdc4a]
V  [jvm.dll+0x7cdf78]
V  [jvm.dll+0x271e1b]
V  [jvm.dll+0x3da25e]
C  0x000002356e28d29d

Java frames: (J=compiled Java code, j=interpreted, Vv=VM code)
j  java.nio.channels.spi.AbstractInterruptibleChannel.begin()V+8 java.base@19.0.2
j  sun.nio.ch.SocketChannelImpl.beginConnect(ZLjava/net/SocketAddress;)V+5 java.base@19.0.2
j  sun.nio.ch.SocketChannelImpl.connect(Ljava/net/SocketAddress;)Z+31 java.base@19.0.2
j  java.nio.channels.SocketChannel.open(Ljava/net/SocketAddress;)Ljava/nio/channels/SocketChannel;+46 java.base@19.0.2
j  sun.nio.ch.PipeImpl$Initializer$LoopbackConnector.run()V+89 java.base@19.0.2
j  sun.nio.ch.PipeImpl$Initializer.run()Ljava/lang/Void;+10 java.base@19.0.2
j  sun.nio.ch.PipeImpl$Initializer.run()Ljava/lang/Object;+1 java.base@19.0.2
J 2137 c1 java.security.AccessController.doPrivileged(Ljava/security/PrivilegedExceptionAction;)Ljava/lang/Object; java.base@19.0.2 (22 bytes) @ 0x0000023567133e64 [0x0000023567133d00+0x0000000000000164]
j  sun.nio.ch.PipeImpl.<init>(Ljava/nio/channels/spi/SelectorProvider;ZZ)V+17 java.base@19.0.2
j  sun.nio.ch.WEPollSelectorImpl.<init>(Ljava/nio/channels/spi/SelectorProvider;)V+74 java.base@19.0.2
j  sun.nio.ch.WEPollSelectorProvider.openSelector()Ljava/nio/channels/spi/AbstractSelector;+5 java.base@19.0.2
j  java.nio.channels.Selector.open()Ljava/nio/channels/Selector;+3 java.base@19.0.2
j  org.apache.tomcat.util.net.NioEndpoint$Poller.<init>(Lorg/apache/tomcat/util/net/NioEndpoint;)V+48
j  org.apache.tomcat.util.net.NioEndpoint.startInternal()V+145
j  org.apache.tomcat.util.net.AbstractEndpoint.start()V+22
j  org.apache.coyote.AbstractProtocol.start()V+48
j  org.apache.catalina.connector.Connector.startInternal()V+73
j  org.apache.catalina.util.LifecycleBase.start()V+210
j  org.apache.catalina.core.StandardService.addConnector(Lorg/apache/catalina/connector/Connector;)V+74
j  org.springframework.boot.web.embedded.tomcat.TomcatWebServer.addPreviouslyRemovedConnectors()V+84
j  org.springframework.boot.web.embedded.tomcat.TomcatWebServer.start()V+18
j  org.springframework.boot.web.servlet.context.WebServerStartStopLifecycle.start()V+4
j  org.springframework.context.support.DefaultLifecycleProcessor.doStart(Ljava/util/Map;Ljava/lang/String;Z)V+151
j  org.springframework.context.support.DefaultLifecycleProcessor$LifecycleGroup.start()V+101
j  org.springframework.context.support.DefaultLifecycleProcessor$$Lambda$1311+0x000000080183ae30.accept(Ljava/lang/Object;)V+4
j  java.lang.Iterable.forEach(Ljava/util/function/Consumer;)V+30 java.base@19.0.2
j  org.springframework.context.support.DefaultLifecycleProcessor.startBeans(Z)V+48
j  org.springframework.context.support.DefaultLifecycleProcessor.onRefresh()V+2
j  org.springframework.context.support.AbstractApplicationContext.finishRefresh()V+12
j  org.springframework.context.support.AbstractApplicationContext.refresh()V+90
j  org.springframework.boot.web.servlet.context.ServletWebServerApplicationContext.refresh()V+1
j  org.springframework.boot.SpringApplication.refresh(Lorg/springframework/context/ConfigurableApplicationContext;)V+1
j  org.springframework.boot.SpringApplication.refreshContext(Lorg/springframework/context/ConfigurableApplicationContext;)V+16
j  org.springframework.boot.SpringApplication.run([Ljava/lang/String;)Lorg/springframework/context/ConfigurableApplicationContext;+101
j  org.springframework.boot.SpringApplication.run([Ljava/lang/Class;[Ljava/lang/String;)Lorg/springframework/context/ConfigurableApplicationContext;+9
j  org.springframework.boot.SpringApplication.run(Ljava/lang/Class;[Ljava/lang/String;)Lorg/springframework/context/ConfigurableApplicationContext;+9
j  Backend.example.BackEndCRUD.BackEndCrudApplication.main([Ljava/lang/String;)V+3
v  ~StubRoutines::call_stub 0x000002356e26100e

Compiled method (c1)   11328 2137   !   3       java.security.AccessController::doPrivileged (22 bytes)
 total in heap  [0x0000023567133b10,0x0000023567134340] = 2096
 relocation     [0x0000023567133c70,0x0000023567133cf8] = 136
 main code      [0x0000023567133d00,0x00000235671340e0] = 992
 stub code      [0x00000235671340e0,0x0000023567134148] = 104
 metadata       [0x0000023567134148,0x0000023567134168] = 32
 scopes data    [0x0000023567134168,0x0000023567134210] = 168
 scopes pcs     [0x0000023567134210,0x00000235671342e0] = 208
 dependencies   [0x00000235671342e0,0x00000235671342e8] = 8
 handler table  [0x00000235671342e8,0x0000023567134330] = 72
 nul chk table  [0x0000023567134330,0x0000023567134340] = 16

[Constant Pool (empty)]

[MachCode]
[Verified Entry Point]
  # {method} {0x00000008000636e8} 'doPrivileged' '(Ljava/security/PrivilegedExceptionAction;)Ljava/lang/Object;' in 'java/security/AccessController'
  # parm0:    rdx:rdx   = 'java/security/PrivilegedExceptionAction'
  #           [sp+0x70]  (sp of caller)
  0x0000023567133d00: 8984 2400 | 90ff ff55 | 4883 ec60 

  0x0000023567133d0c: ;   {metadata(method data for {method} {0x00000008000636e8} 'doPrivileged' '(Ljava/security/PrivilegedExceptionAction;)Ljava/lang/Object;' in 'java/security/AccessController')}
  0x0000023567133d0c: 48be d06f | bf00 3502 | 0000 8bbe | cc00 0000 | 83c7 0289 | becc 0000 | 0081 e7fe | 0700 0083 
  0x0000023567133d2c: ff00 0f84 | 8a02 0000 | 4889 5424 

  0x0000023567133d38: ;   {metadata(method data for {method} {0x00000008000636e8} 'doPrivileged' '(Ljava/security/PrivilegedExceptionAction;)Ljava/lang/Object;' in 'java/security/AccessController')}
  0x0000023567133d38: 4048 bed0 | 6fbf 0035 | 0200 0048 | 8386 1001 | 0000 010f 

  0x0000023567133d4c: ;   {static_call}
  0x0000023567133d4c: 1f40 00e8 

  0x0000023567133d50: ; ImmutableOopMap {[64]=Oop }
                      ;*invokestatic getCallerClass {reexecute=0 rethrow=0 return_oop=0}
                      ; - java.security.AccessController::doPrivileged@2 (line 567)
  0x0000023567133d50: 0c82 6f07 

  0x0000023567133d54: ;   {metadata(method data for {method} {0x00000008000636e8} 'doPrivileged' '(Ljava/security/PrivilegedExceptionAction;)Ljava/lang/Object;' in 'java/security/AccessController')}
  0x0000023567133d54: 48ba d06f | bf00 3502 | 0000 4883 | 8220 0100 

  0x0000023567133d64: ;   {metadata(method data for {method} {0x0000000800063418} 'executePrivileged' '(Ljava/security/PrivilegedExceptionAction;Ljava/security/AccessControlContext;Ljava/lang/Class;)Ljava/lang/Object;' in 'java/security/AccessController')}
  0x0000023567133d64: 0001 48ba | d891 3400 | 3502 0000 | 8bb2 cc00 | 0000 83c6 | 0289 b2cc | 0000 0081 | e6fe ff1f 
  0x0000023567133d84: 0083 fe00 | 0f84 5102 

  0x0000023567133d8c: ;   {metadata(method data for {method} {0x0000000800063418} 'executePrivileged' '(Ljava/security/PrivilegedExceptionAction;Ljava/security/AccessControlContext;Ljava/lang/Class;)Ljava/lang/Object;' in 'java/security/AccessController')}
  0x0000023567133d8c: 0000 48ba | d891 3400 | 3502 0000 | ff82 1001 

  0x0000023567133d9c: ;   {metadata(method data for {method} {0x0000000800063418} 'executePrivileged' '(Ljava/security/PrivilegedExceptionAction;Ljava/security/AccessControlContext;Ljava/lang/Class;)Ljava/lang/Object;' in 'java/security/AccessController')}
  0x0000023567133d9c: 0000 48ba | d891 3400 | 3502 0000 | ff82 4001 | 0000 4889 | 4424 4848 | 8b54 2440 

  0x0000023567133db8: ; implicit exception: dispatches to 0x0000023567134000
  0x0000023567133db8: 483b 0248 

  0x0000023567133dbc: ;   {metadata(method data for {method} {0x0000000800063418} 'executePrivileged' '(Ljava/security/PrivilegedExceptionAction;Ljava/security/AccessControlContext;Ljava/lang/Class;)Ljava/lang/Object;' in 'java/security/AccessController')}
  0x0000023567133dbc: 8bf2 48bf | d891 3400 | 3502 0000 | 8b76 0849 | ba00 0000 | 0008 0000 | 0049 03f2 | 483b b7b0 
  0x0000023567133ddc: 0100 0075 | 0d48 8387 | b801 0000 | 01e9 6600 | 0000 483b | b7c0 0100 | 0075 0d48 | 8387 c801 
  0x0000023567133dfc: 0000 01e9 | 5000 0000 | 4881 bfb0 | 0100 0000 | 0000 0075 | 1748 89b7 | b001 0000 | 48c7 87b8 
  0x0000023567133e1c: 0100 0001 | 0000 00e9 | 2c00 0000 | 4881 bfc0 | 0100 0000 | 0000 0075 | 1748 89b7 | c001 0000 
  0x0000023567133e3c: 48c7 87c8 | 0100 0001 | 0000 00e9 | 0800 0000 | 4883 87a0 | 0100 0001 | 9048 b850 | b2c1 7f35 
  0x0000023567133e5c: ;   {virtual_call}
  0x0000023567133e5c: 0200 00e8 

  0x0000023567133e60: ; ImmutableOopMap {[72]=Oop }
                      ;*invokeinterface run {reexecute=0 rethrow=0 return_oop=0}
                      ; - java.security.AccessController::executePrivileged@29 (line 807)
                      ; - java.security.AccessController::doPrivileged@9 (line 569)
  0x0000023567133e60: 2c44 2407 

  0x0000023567133e64: ;   {metadata(method data for {method} {0x0000000800063418} 'executePrivileged' '(Ljava/security/PrivilegedExceptionAction;Ljava/security/AccessControlContext;Ljava/lang/Class;)Ljava/lang/Object;' in 'java/security/AccessController')}
  0x0000023567133e64: 48ba d891 | 3400 3502 | 0000 ff82 | d801 0000 | 488b 5424 

  0x0000023567133e78: ;   {metadata(method data for {method} {0x0000000800063418} 'executePrivileged' '(Ljava/security/PrivilegedExceptionAction;Ljava/security/AccessControlContext;Ljava/lang/Class;)Ljava/lang/Object;' in 'java/security/AccessController')}
  0x0000023567133e78: 4849 b8d8 | 9134 0035 | 0200 0049 | 8380 3802 

  0x0000023567133e88: ;   {metadata(method data for {method} {0x00000008000462d8} 'reachabilityFence' '(Ljava/lang/Object;)V' in 'java/lang/ref/Reference')}
  0x0000023567133e88: 0000 0149 | b8f0 e904 | 0035 0200 | 0041 8bb0 | cc00 0000 | 83c6 0241 | 89b0 cc00 | 0000 81e6 
  0x0000023567133ea8: feff 1f00 | 83fe 000f | 8450 0100 

  0x0000023567133eb4: ;   {metadata(method data for {method} {0x0000000800063418} 'executePrivileged' '(Ljava/security/PrivilegedExceptionAction;Ljava/security/AccessControlContext;Ljava/lang/Class;)Ljava/lang/Object;' in 'java/security/AccessController')}
  0x0000023567133eb4: 0048 bad8 | 9134 0035 | 0200 0048 | 8382 4802 

  0x0000023567133ec4: ;   {metadata(method data for {method} {0x00000008000462d8} 'reachabilityFence' '(Ljava/lang/Object;)V' in 'java/lang/ref/Reference')}
  0x0000023567133ec4: 0000 0148 | baf0 e904 | 0035 0200 | 0044 8b82 | cc00 0000 | 4183 c002 | 4489 82cc | 0000 0041 
  0x0000023567133ee4: 81e0 feff | 1f00 4183 | f800 0f84 | 3201 0000 | 4883 c460 

  0x0000023567133ef8: ;   {poll_return}
  0x0000023567133ef8: 5d49 3ba7 | 7803 0000 | 0f87 4101 | 0000 c349 | 8b87 2004 | 0000 4d33 | d24d 8997 | 2004 0000 
  0x0000023567133f18: 4d33 d24d | 8997 2804 | 0000 4c8b 

  0x0000023567133f24: ;   {metadata(method data for {method} {0x00000008000636e8} 'doPrivileged' '(Ljava/security/PrivilegedExceptionAction;)Ljava/lang/Object;' in 'java/security/AccessController')}
  0x0000023567133f24: c048 bad0 | 6fbf 0035 | 0200 0048 | 8382 3001 

  0x0000023567133f34: ;   {metadata(method data for {method} {0x0000000800063a78} 'wrapException' '(Ljava/lang/Exception;)Ljava/security/PrivilegedActionException;' in 'java/security/AccessController')}
  0x0000023567133f34: 0000 0148 | ba60 74bf | 0035 0200 | 008b 82cc | 0000 0083 | c002 8982 | cc00 0000 | 25fe ff1f 
  0x0000023567133f54: 0083 f800 | 0f84 ff00 | 0000 6690 

  0x0000023567133f60: ;   {no_reloc}
  0x0000023567133f60: e928 0100 | 0000 0000 | 0000 e928 | 0100 0048 

  0x0000023567133f70: ;   {metadata(method data for {method} {0x0000000800063a78} 'wrapException' '(Ljava/lang/Exception;)Ljava/security/PrivilegedActionException;' in 'java/security/AccessController')}
  0x0000023567133f70: 8bd0 48be | 6074 bf00 | 3502 0000 | 4883 8610 | 0100 0001 | 488b d048 | 8944 2450 

  0x0000023567133f8c: ;   {optimized virtual_call}
  0x0000023567133f8c: 6666 90e8 

  0x0000023567133f90: ; ImmutableOopMap {[80]=Oop }
                      ;*invokespecial <init> {reexecute=0 rethrow=0 return_oop=0}
                      ; - java.security.AccessController::wrapException@5 (line 828)
                      ; - java.security.AccessController::doPrivileged@18 (line 573)
  0x0000023567133f90: ecda 1807 | 488b 4424 | 50e9 2301 | 0000 498b | 8720 0400 | 004d 33d2 | 4d89 9720 | 0400 004d 
  0x0000023567133fb0: 33d2 4d89 | 9728 0400 | 00e9 0301 

  0x0000023567133fbc: ;   {metadata({method} {0x00000008000636e8} 'doPrivileged' '(Ljava/security/PrivilegedExceptionAction;)Ljava/lang/Object;' in 'java/security/AccessController')}
  0x0000023567133fbc: 0000 49ba | e036 0600 | 0800 0000 | 4c89 5424 | 0848 c704 | 24ff ffff 

  0x0000023567133fd4: ;   {runtime_call counter_overflow Runtime1 stub}
  0x0000023567133fd4: ffe8 2699 

  0x0000023567133fd8: ; ImmutableOopMap {rdx=Oop }
                      ;*synchronization entry
                      ; - java.security.AccessController::doPrivileged@-1 (line 566)
  0x0000023567133fd8: 2307 e955 

  0x0000023567133fdc: ;   {metadata({method} {0x0000000800063418} 'executePrivileged' '(Ljava/security/PrivilegedExceptionAction;Ljava/security/AccessControlContext;Ljava/lang/Class;)Ljava/lang/Object;' in 'java/security/AccessController')}
  0x0000023567133fdc: fdff ff49 | ba10 3406 | 0008 0000 | 004c 8954 | 2408 48c7 | 0424 ffff 

  0x0000023567133ff4: ;   {runtime_call counter_overflow Runtime1 stub}
  0x0000023567133ff4: ffff e805 

  0x0000023567133ff8: ; ImmutableOopMap {rax=Oop [64]=Oop }
                      ;*synchronization entry
                      ; - java.security.AccessController::executePrivileged@-1 (line 802)
                      ; - java.security.AccessController::doPrivileged@9 (line 569)
  0x0000023567133ff8: 9923 07e9 | 8efd ffff 

  0x0000023567134000: ;   {runtime_call throw_null_pointer_exception Runtime1 stub}
  0x0000023567134000: e81b 4823 

  0x0000023567134004: ; ImmutableOopMap {rdx=Oop [72]=Oop }
                      ;*invokeinterface run {reexecute=0 rethrow=0 return_oop=0}
                      ; - java.security.AccessController::executePrivileged@29 (line 807)
                      ; - java.security.AccessController::doPrivileged@9 (line 569)
                      ;   {metadata({method} {0x00000008000462d8} 'reachabilityFence' '(Ljava/lang/Object;)V' in 'java/lang/ref/Reference')}
  0x0000023567134004: 0749 bad0 | 6204 0008 | 0000 004c | 8954 2408 | 48c7 0424 | ffff ffff 

  0x000002356713401c: ;   {runtime_call counter_overflow Runtime1 stub}
  0x000002356713401c: e8df 9823 

  0x0000023567134020: ; ImmutableOopMap {rax=Oop rdx=Oop }
                      ;*synchronization entry
                      ; - java.lang.ref.Reference::reachabilityFence@-1 (line 627)
                      ; - java.security.AccessController::executePrivileged@56 (line 812)
                      ; - java.security.AccessController::doPrivileged@9 (line 569)
  0x0000023567134020: 07e9 8ffe 

  0x0000023567134024: ;   {metadata({method} {0x00000008000462d8} 'reachabilityFence' '(Ljava/lang/Object;)V' in 'java/lang/ref/Reference')}
  0x0000023567134024: ffff 49ba | d062 0400 | 0800 0000 | 4c89 5424 | 0848 c704 | 24ff ffff 

  0x000002356713403c: ;   {runtime_call counter_overflow Runtime1 stub}
  0x000002356713403c: ffe8 be98 

  0x0000023567134040: ; ImmutableOopMap {rax=Oop }
                      ;*synchronization entry
                      ; - java.lang.ref.Reference::reachabilityFence@-1 (line 627)
                      ; - java.security.AccessController::executePrivileged@60 (line 813)
                      ; - java.security.AccessController::doPrivileged@9 (line 569)
  0x0000023567134040: 2307 e9ad 

  0x0000023567134044: ;   {internal_word}
  0x0000023567134044: feff ff49 | baf9 3e13 | 6735 0200 | 004d 8997 | 9003 0000 

  0x0000023567134058: ;   {runtime_call SafepointBlob}
  0x0000023567134058: e9a3 3d19 

  0x000002356713405c: ;   {metadata({method} {0x0000000800063a78} 'wrapException' '(Ljava/lang/Exception;)Ljava/security/PrivilegedActionException;' in 'java/security/AccessController')}
  0x000002356713405c: 0749 ba70 | 3a06 0008 | 0000 004c | 8954 2408 | 48c7 0424 | ffff ffff 

  0x0000023567134074: ;   {runtime_call counter_overflow Runtime1 stub}
  0x0000023567134074: e887 9823 

  0x0000023567134078: ; ImmutableOopMap {r8=Oop }
                      ;*synchronization entry
                      ; - java.security.AccessController::wrapException@-1 (line 828)
                      ; - java.security.AccessController::doPrivileged@18 (line 573)
  0x0000023567134078: 07e9 e0fe 

  0x000002356713407c: ;   {metadata(NULL)}
  0x000002356713407c: ffff 48ba | 0000 0000 | 0000 0000 | b800 0f05 

  0x000002356713408c: ;   {runtime_call load_klass_patching Runtime1 stub}
  0x000002356713408c: 0ae8 ee87 

  0x0000023567134090: ; ImmutableOopMap {r8=Oop }
                      ;*new {reexecute=1 rethrow=0 return_oop=0}
                      ; - (reexecute) java.security.AccessController::wrapException@0 (line 828)
                      ; - java.security.AccessController::doPrivileged@18 (line 573)
  0x0000023567134090: 2307 e9c9 | feff ff48 

  0x0000023567134098: ;   {runtime_call new_instance Runtime1 stub}
  0x0000023567134098: 8bd2 e861 

  0x000002356713409c: ; ImmutableOopMap {r8=Oop }
                      ;*new {reexecute=0 rethrow=0 return_oop=0}
                      ; - java.security.AccessController::wrapException@0 (line 828)
                      ; - java.security.AccessController::doPrivileged@18 (line 573)
  0x000002356713409c: 4d23 07e9 | cbfe ffff | 498b 8720 | 0400 0049 | c787 2004 | 0000 0000 | 0000 49c7 | 8728 0400 
  0x00000235671340bc: 0000 0000 | 0048 83c4 

  0x00000235671340c4: ;   {runtime_call unwind_exception Runtime1 stub}
  0x00000235671340c4: 605d e9b5 | 671a 07f4 | f4f4 f4f4 | f4f4 f4f4 | f4f4 f4f4 | f4f4 f4f4 | f4f4 f4f4 
[Stub Code]
  0x00000235671340e0: ;   {no_reloc}
  0x00000235671340e0: 0f1f 4400 

  0x00000235671340e4: ;   {static_stub}
  0x00000235671340e4: 0048 bb00 | 0000 0000 

  0x00000235671340ec: ;   {runtime_call}
  0x00000235671340ec: 0000 00e9 | fbff ffff 

  0x00000235671340f4: ;   {static_stub}
  0x00000235671340f4: 9048 bb00 | 0000 0000 

  0x00000235671340fc: ;   {runtime_call}
  0x00000235671340fc: 0000 00e9 | fbff ffff 

  0x0000023567134104: ;   {static_stub}
  0x0000023567134104: 9048 bb00 | 0000 0000 

  0x000002356713410c: ;   {runtime_call}
  0x000002356713410c: 0000 00e9 | fbff ffff 
[Exception Handler]
  0x0000023567134114: ;   {runtime_call handle_exception_from_callee Runtime1 stub}
  0x0000023567134114: e8e7 6423 

  0x0000023567134118: ;   {external_word}
  0x0000023567134118: 0748 b928 | 4901 2bfa | 7f00 0048 

  0x0000023567134124: ;   {runtime_call}
  0x0000023567134124: 83e4 f049 | bab0 f8cc | 2afa 7f00 | 0041 ffd2 

  0x0000023567134134: ;   {section_word}
  0x0000023567134134: f449 ba35 | 4113 6735 | 0200 0041 

  0x0000023567134140: ;   {runtime_call DeoptimizationBlob}
  0x0000023567134140: 52e9 5a2f | 1907 f4f4 
[/MachCode]


---------------  P R O C E S S  ---------------

Threads class SMR info:
_java_thread_list=0x0000023505837340, length=29, elements={
0x000002355ee0add0, 0x000002357cdfd4c0, 0x000002357cdff6c0, 0x000002357ce03990,
0x000002357ce06550, 0x000002357ce06e80, 0x000002357ce11910, 0x000002357ce16a80,
0x000002357ce39410, 0x000002357cf68070, 0x000002357cdd3100, 0x000002357d220c70,
0x000002357d339ac0, 0x000002357f1cf780, 0x000002357f696370, 0x000002357e22c5c0,
0x0000023504bde5c0, 0x0000023504bdeb10, 0x000002357df5fcd0, 0x0000023504be0af0,
0x0000023504bde070, 0x0000023504bdf060, 0x0000023504be0050, 0x0000023504be4560,
0x0000023504be1040, 0x0000023504be3570, 0x0000023504be2580, 0x0000023504be05a0,
0x0000023504bdf5b0
}

Java Threads: ( => current thread )
=>0x000002355ee0add0 JavaThread "main" [_thread_in_vm, id=9140, stack(0x0000008bf6300000,0x0000008bf6400000)]
  0x000002357cdfd4c0 JavaThread "Reference Handler" daemon [_thread_blocked, id=7700, stack(0x0000008bf6a00000,0x0000008bf6b00000)]
  0x000002357cdff6c0 JavaThread "Finalizer" daemon [_thread_blocked, id=1720, stack(0x0000008bf6b00000,0x0000008bf6c00000)]
  0x000002357ce03990 JavaThread "Signal Dispatcher" daemon [_thread_blocked, id=9368, stack(0x0000008bf6c00000,0x0000008bf6d00000)]
  0x000002357ce06550 JavaThread "Attach Listener" daemon [_thread_blocked, id=6008, stack(0x0000008bf6d00000,0x0000008bf6e00000)]
  0x000002357ce06e80 JavaThread "Service Thread" daemon [_thread_blocked, id=9388, stack(0x0000008bf6e00000,0x0000008bf6f00000)]
  0x000002357ce11910 JavaThread "Monitor Deflation Thread" daemon [_thread_blocked, id=8036, stack(0x0000008bf6f00000,0x0000008bf7000000)]
  0x000002357ce16a80 JavaThread "C2 CompilerThread0" daemon [_thread_blocked, id=204, stack(0x0000008bf7000000,0x0000008bf7100000)]
  0x000002357ce39410 JavaThread "C1 CompilerThread0" daemon [_thread_blocked, id=8580, stack(0x0000008bf7100000,0x0000008bf7200000)]
  0x000002357cf68070 JavaThread "Sweeper thread" daemon [_thread_blocked, id=1280, stack(0x0000008bf7200000,0x0000008bf7300000)]
  0x000002357cdd3100 JavaThread "Common-Cleaner" daemon [_thread_blocked, id=7908, stack(0x0000008bf7300000,0x0000008bf7400000)]
  0x000002357d220c70 JavaThread "Monitor Ctrl-Break" daemon [_thread_in_native, id=7500, stack(0x0000008bf7500000,0x0000008bf7600000)]
  0x000002357d339ac0 JavaThread "Notification Thread" daemon [_thread_blocked, id=7784, stack(0x0000008bf7600000,0x0000008bf7700000)]
  0x000002357f1cf780 JavaThread "HikariPool-1 housekeeper" daemon [_thread_blocked, id=2432, stack(0x0000008bf7c00000,0x0000008bf7d00000)]
  0x000002357f696370 JavaThread "HikariPool-1 connection adder" daemon [_thread_blocked, id=9512, stack(0x0000008bf7d00000,0x0000008bf7e00000)]
  0x000002357e22c5c0 JavaThread "Catalina-utility-1" [_thread_blocked, id=3440, stack(0x0000008bf7e00000,0x0000008bf7f00000)]
  0x0000023504bde5c0 JavaThread "Catalina-utility-2" [_thread_blocked, id=5192, stack(0x0000008bf7f00000,0x0000008bf8000000)]
  0x0000023504bdeb10 JavaThread "container-0" [_thread_blocked, id=9860, stack(0x0000008bf8000000,0x0000008bf8100000)]
  0x000002357df5fcd0 JavaThread "C2 CompilerThread1" daemon [_thread_blocked, id=9104, stack(0x0000008bf7400000,0x0000008bf7500000)]
  0x0000023504be0af0 JavaThread "http-nio-8080-exec-1" daemon [_thread_blocked, id=7112, stack(0x0000008bf8100000,0x0000008bf8200000)]
  0x0000023504bde070 JavaThread "http-nio-8080-exec-2" daemon [_thread_blocked, id=8560, stack(0x0000008bf8200000,0x0000008bf8300000)]
  0x0000023504bdf060 JavaThread "http-nio-8080-exec-3" daemon [_thread_blocked, id=10124, stack(0x0000008bf8300000,0x0000008bf8400000)]
  0x0000023504be0050 JavaThread "http-nio-8080-exec-4" daemon [_thread_blocked, id=5604, stack(0x0000008bf8400000,0x0000008bf8500000)]
  0x0000023504be4560 JavaThread "http-nio-8080-exec-5" daemon [_thread_blocked, id=7636, stack(0x0000008bf8500000,0x0000008bf8600000)]
  0x0000023504be1040 JavaThread "http-nio-8080-exec-6" daemon [_thread_blocked, id=9720, stack(0x0000008bf8600000,0x0000008bf8700000)]
  0x0000023504be3570 JavaThread "http-nio-8080-exec-7" daemon [_thread_blocked, id=8048, stack(0x0000008bf8700000,0x0000008bf8800000)]
  0x0000023504be2580 JavaThread "http-nio-8080-exec-8" daemon [_thread_blocked, id=1300, stack(0x0000008bf8800000,0x0000008bf8900000)]
  0x0000023504be05a0 JavaThread "http-nio-8080-exec-9" daemon [_thread_blocked, id=5432, stack(0x0000008bf8900000,0x0000008bf8a00000)]
  0x0000023504bdf5b0 JavaThread "http-nio-8080-exec-10" daemon [_thread_in_vm, id=10024, stack(0x0000008bf8a00000,0x0000008bf8b00000)]

Other Threads:
  0x000002357cde2220 VMThread "VM Thread" [stack: 0x0000008bf6900000,0x0000008bf6a00000] [id=1684]
  0x000002357d35b3f0 WatcherThread "VM Periodic Task Thread" [stack: 0x0000008bf7700000,0x0000008bf7800000] [id=6380]
  0x000002355ee65140 WorkerThread "GC Thread#0" [stack: 0x0000008bf6400000,0x0000008bf6500000] [id=7160]
  0x000002357d6b0960 WorkerThread "GC Thread#1" [stack: 0x0000008bf7800000,0x0000008bf7900000] [id=6872]
  0x000002357d6b0c30 WorkerThread "GC Thread#2" [stack: 0x0000008bf7900000,0x0000008bf7a00000] [id=2176]
  0x000002357d7fb820 WorkerThread "GC Thread#3" [stack: 0x0000008bf7a00000,0x0000008bf7b00000] [id=3832]
  0x000002355ee76100 ConcurrentGCThread "G1 Main Marker" [stack: 0x0000008bf6500000,0x0000008bf6600000] [id=8012]
  0x000002355ee782e0 WorkerThread "G1 Conc#0" [stack: 0x0000008bf6600000,0x0000008bf6700000] [id=1020]
  0x000002357cca05a0 ConcurrentGCThread "G1 Refine#0" [stack: 0x0000008bf6700000,0x0000008bf6800000] [id=2016]
  0x000002357cca0ff0 ConcurrentGCThread "G1 Service" [stack: 0x0000008bf6800000,0x0000008bf6900000] [id=5140]

Threads with active compile tasks:

VM state: not at safepoint (normal execution)

VM Mutex/Monitor currently owned by a thread:  ([mutex/lock_event])
[0x000002355ee04ab0] Metaspace_lock - owner thread: 0x000002355ee0add0

Heap address: 0x0000000080a00000, size: 2038 MB, Compressed Oops mode: 32-bit

CDS archive(s) mapped at: [0x0000000800000000-0x0000000800c40000-0x0000000800c40000), size 12845056, SharedBaseAddress: 0x0000000800000000, ArchiveRelocationMode: 0.
Compressed class space mapped at: 0x0000000801000000-0x0000000841000000, reserved size: 1073741824
Narrow klass base: 0x0000000800000000, Narrow klass shift: 0, Narrow klass range: 0x100000000

GC Precious Log:
 CardTable entry size: 512
 Card Set container configuration: InlinePtr #cards 5 size 8 Array Of Cards #cards 12 size 40 Howl #buckets 4 coarsen threshold 1843 Howl Bitmap #cards 512 size 80 coarsen threshold 460 Card regions per heap region 1 cards per card region 2048
 CPUs: 4 total, 4 available
 Memory: 8151M
 Large Page Support: Disabled
 NUMA Support: Disabled
 Compressed Oops: Enabled (32-bit)
 Heap Region Size: 1M
 Heap Min Capacity: 8M
 Heap Initial Capacity: 128M
 Heap Max Capacity: 2038M
 Pre-touch: Disabled
 Parallel Workers: 4
 Concurrent Workers: 1
 Concurrent Refinement Workers: 4
 Periodic GC: Disabled

Heap:
 garbage-first heap   total 68608K, used 43044K [0x0000000080a00000, 0x0000000100000000)
  region size 1024K, 20 young (20480K), 3 survivors (3072K)
 Metaspace       used 60262K, committed 60928K, reserved 1114112K
  class space    used 7977K, committed 8320K, reserved 1048576K

Heap Regions: E=young(eden), S=young(survivor), O=old, HS=humongous(starts), HC=humongous(continues), CS=collection set, F=free, OA=open archive, CA=closed archive, TAMS=top-at-mark-start (previous, next)
|   0|0x0000000080a00000, 0x0000000080b00000, 0x0000000080b00000|100%|HS|  |TAMS 0x0000000080b00000, 0x0000000080a00000| Complete 
|   1|0x0000000080b00000, 0x0000000080c00000, 0x0000000080c00000|100%| O|  |TAMS 0x0000000080c00000, 0x0000000080b00000| Untracked 
|   2|0x0000000080c00000, 0x0000000080d00000, 0x0000000080d00000|100%| O|  |TAMS 0x0000000080d00000, 0x0000000080c00000| Complete 
|   3|0x0000000080d00000, 0x0000000080e00000, 0x0000000080e00000|100%| O|  |TAMS 0x0000000080e00000, 0x0000000080d00000| Untracked 
|   4|0x0000000080e00000, 0x0000000080f00000, 0x0000000080f00000|100%| O|  |TAMS 0x0000000080f00000, 0x0000000080e00000| Untracked 
|   5|0x0000000080f00000, 0x0000000081000000, 0x0000000081000000|100%| O|  |TAMS 0x0000000081000000, 0x0000000080f00000| Untracked 
|   6|0x0000000081000000, 0x0000000081100000, 0x0000000081100000|100%| O|  |TAMS 0x0000000081100000, 0x0000000081000000| Untracked 
|   7|0x0000000081100000, 0x0000000081200000, 0x0000000081200000|100%| O|  |TAMS 0x0000000081200000, 0x0000000081100000| Untracked 
|   8|0x0000000081200000, 0x0000000081300000, 0x0000000081300000|100%| O|  |TAMS 0x0000000081300000, 0x0000000081200000| Untracked 
|   9|0x0000000081300000, 0x0000000081400000, 0x0000000081400000|100%| O|  |TAMS 0x0000000081400000, 0x0000000081300000| Untracked 
|  10|0x0000000081400000, 0x0000000081500000, 0x0000000081500000|100%| O|  |TAMS 0x0000000081500000, 0x0000000081400000| Untracked 
|  11|0x0000000081500000, 0x0000000081600000, 0x0000000081600000|100%| O|  |TAMS 0x0000000081600000, 0x0000000081500000| Untracked 
|  12|0x0000000081600000, 0x0000000081700000, 0x0000000081700000|100%| O|  |TAMS 0x0000000081700000, 0x0000000081600000| Untracked 
|  13|0x0000000081700000, 0x0000000081800000, 0x0000000081800000|100%| O|  |TAMS 0x0000000081800000, 0x0000000081700000| Untracked 
|  14|0x0000000081800000, 0x0000000081900000, 0x0000000081900000|100%| O|  |TAMS 0x0000000081900000, 0x0000000081800000| Untracked 
|  15|0x0000000081900000, 0x0000000081a00000, 0x0000000081a00000|100%| O|  |TAMS 0x0000000081a00000, 0x0000000081900000| Untracked 
|  16|0x0000000081a00000, 0x0000000081b00000, 0x0000000081b00000|100%| O|  |TAMS 0x0000000081ae8008, 0x0000000081a00000| Untracked 
|  17|0x0000000081b00000, 0x0000000081c00000, 0x0000000081c00000|100%| O|  |TAMS 0x0000000081c00000, 0x0000000081b00000| Untracked 
|  18|0x0000000081c00000, 0x0000000081d00000, 0x0000000081d00000|100%| O|  |TAMS 0x0000000081d00000, 0x0000000081c00000| Untracked 
|  19|0x0000000081d00000, 0x0000000081e00000, 0x0000000081e00000|100%| O|  |TAMS 0x0000000081e00000, 0x0000000081d00000| Untracked 
|  20|0x0000000081e00000, 0x0000000081f00000, 0x0000000081f00000|100%| O|  |TAMS 0x0000000081f00000, 0x0000000081e00000| Untracked 
|  21|0x0000000081f00000, 0x0000000082000000, 0x0000000082000000|100%| O|  |TAMS 0x0000000082000000, 0x0000000081f00000| Untracked 
|  22|0x0000000082000000, 0x0000000082100000, 0x0000000082100000|100%| O|  |TAMS 0x0000000082000000, 0x0000000082000000| Untracked 
|  23|0x0000000082100000, 0x0000000082190600, 0x0000000082200000| 56%| O|  |TAMS 0x0000000082100000, 0x0000000082100000| Untracked 
|  24|0x0000000082200000, 0x0000000082200000, 0x0000000082300000|  0%| F|  |TAMS 0x0000000082200000, 0x0000000082200000| Untracked 
|  25|0x0000000082300000, 0x0000000082300000, 0x0000000082400000|  0%| F|  |TAMS 0x0000000082300000, 0x0000000082300000| Untracked 
|  26|0x0000000082400000, 0x0000000082400000, 0x0000000082500000|  0%| F|  |TAMS 0x0000000082400000, 0x0000000082400000| Untracked 
|  27|0x0000000082500000, 0x0000000082500000, 0x0000000082600000|  0%| F|  |TAMS 0x0000000082500000, 0x0000000082500000| Untracked 
|  28|0x0000000082600000, 0x0000000082600000, 0x0000000082700000|  0%| F|  |TAMS 0x0000000082600000, 0x0000000082600000| Untracked 
|  29|0x0000000082700000, 0x0000000082700000, 0x0000000082800000|  0%| F|  |TAMS 0x0000000082700000, 0x0000000082700000| Untracked 
|  30|0x0000000082800000, 0x0000000082800000, 0x0000000082900000|  0%| F|  |TAMS 0x0000000082800000, 0x0000000082800000| Untracked 
|  31|0x0000000082900000, 0x0000000082900000, 0x0000000082a00000|  0%| F|  |TAMS 0x0000000082900000, 0x0000000082900000| Untracked 
|  32|0x0000000082a00000, 0x0000000082a00000, 0x0000000082b00000|  0%| F|  |TAMS 0x0000000082a00000, 0x0000000082a00000| Untracked 
|  33|0x0000000082b00000, 0x0000000082b00000, 0x0000000082c00000|  0%| F|  |TAMS 0x0000000082b00000, 0x0000000082b00000| Untracked 
|  34|0x0000000082c00000, 0x0000000082c00000, 0x0000000082d00000|  0%| F|  |TAMS 0x0000000082c00000, 0x0000000082c00000| Untracked 
|  35|0x0000000082d00000, 0x0000000082d00000, 0x0000000082e00000|  0%| F|  |TAMS 0x0000000082d00000, 0x0000000082d00000| Untracked 
|  36|0x0000000082e00000, 0x0000000082e00000, 0x0000000082f00000|  0%| F|  |TAMS 0x0000000082e00000, 0x0000000082e00000| Untracked 
|  37|0x0000000082f00000, 0x0000000082f00000, 0x0000000083000000|  0%| F|  |TAMS 0x0000000082f00000, 0x0000000082f00000| Untracked 
|  38|0x0000000083000000, 0x0000000083000000, 0x0000000083100000|  0%| F|  |TAMS 0x0000000083000000, 0x0000000083000000| Untracked 
|  39|0x0000000083100000, 0x0000000083100000, 0x0000000083200000|  0%| F|  |TAMS 0x0000000083100000, 0x0000000083100000| Untracked 
|  40|0x0000000083200000, 0x0000000083200000, 0x0000000083300000|  0%| F|  |TAMS 0x0000000083200000, 0x0000000083200000| Untracked 
|  41|0x0000000083300000, 0x0000000083300000, 0x0000000083400000|  0%| F|  |TAMS 0x0000000083300000, 0x0000000083300000| Untracked 
|  42|0x0000000083400000, 0x0000000083400000, 0x0000000083500000|  0%| F|  |TAMS 0x0000000083400000, 0x0000000083400000| Untracked 
|  43|0x0000000083500000, 0x0000000083500000, 0x0000000083600000|  0%| F|  |TAMS 0x0000000083500000, 0x0000000083500000| Untracked 
|  44|0x0000000083600000, 0x0000000083600000, 0x0000000083700000|  0%| F|  |TAMS 0x0000000083600000, 0x0000000083600000| Untracked 
|  45|0x0000000083700000, 0x0000000083700000, 0x0000000083800000|  0%| F|  |TAMS 0x0000000083700000, 0x0000000083700000| Untracked 
|  46|0x0000000083800000, 0x0000000083800000, 0x0000000083900000|  0%| F|  |TAMS 0x0000000083800000, 0x0000000083800000| Untracked 
|  47|0x0000000083900000, 0x000000008398ac40, 0x0000000083a00000| 54%| E|  |TAMS 0x0000000083900000, 0x0000000083900000| Complete 
|  48|0x0000000083a00000, 0x0000000083b00000, 0x0000000083b00000|100%| E|CS|TAMS 0x0000000083a00000, 0x0000000083a00000| Complete 
|  49|0x0000000083b00000, 0x0000000083c00000, 0x0000000083c00000|100%| E|CS|TAMS 0x0000000083b00000, 0x0000000083b00000| Complete 
|  50|0x0000000083c00000, 0x0000000083d00000, 0x0000000083d00000|100%| E|CS|TAMS 0x0000000083c00000, 0x0000000083c00000| Complete 
|  51|0x0000000083d00000, 0x0000000083e00000, 0x0000000083e00000|100%| E|CS|TAMS 0x0000000083d00000, 0x0000000083d00000| Complete 
|  52|0x0000000083e00000, 0x0000000083f00000, 0x0000000083f00000|100%| E|CS|TAMS 0x0000000083e00000, 0x0000000083e00000| Complete 
|  53|0x0000000083f00000, 0x0000000084000000, 0x0000000084000000|100%| E|CS|TAMS 0x0000000083f00000, 0x0000000083f00000| Complete 
|  54|0x0000000084000000, 0x0000000084078bd8, 0x0000000084100000| 47%| S|CS|TAMS 0x0000000084000000, 0x0000000084000000| Complete 
|  55|0x0000000084100000, 0x0000000084200000, 0x0000000084200000|100%| S|CS|TAMS 0x0000000084100000, 0x0000000084100000| Complete 
|  56|0x0000000084200000, 0x0000000084300000, 0x0000000084300000|100%| S|CS|TAMS 0x0000000084200000, 0x0000000084200000| Complete 
|  57|0x0000000084300000, 0x0000000084400000, 0x0000000084400000|100%| E|CS|TAMS 0x0000000084300000, 0x0000000084300000| Complete 
|  58|0x0000000084400000, 0x0000000084500000, 0x0000000084500000|100%| E|CS|TAMS 0x0000000084400000, 0x0000000084400000| Complete 
|  59|0x0000000084500000, 0x0000000084600000, 0x0000000084600000|100%| E|CS|TAMS 0x0000000084500000, 0x0000000084500000| Complete 
|  60|0x0000000084600000, 0x0000000084700000, 0x0000000084700000|100%| E|CS|TAMS 0x0000000084600000, 0x0000000084600000| Complete 
|  61|0x0000000084700000, 0x0000000084800000, 0x0000000084800000|100%| E|CS|TAMS 0x0000000084700000, 0x0000000084700000| Complete 
|  62|0x0000000084800000, 0x0000000084900000, 0x0000000084900000|100%| E|CS|TAMS 0x0000000084800000, 0x0000000084800000| Complete 
|  80|0x0000000085a00000, 0x0000000085b00000, 0x0000000085b00000|100%| E|CS|TAMS 0x0000000085a00000, 0x0000000085a00000| Complete 
|  81|0x0000000085b00000, 0x0000000085c00000, 0x0000000085c00000|100%| E|CS|TAMS 0x0000000085b00000, 0x0000000085b00000| Complete 
|  82|0x0000000085c00000, 0x0000000085d00000, 0x0000000085d00000|100%| E|CS|TAMS 0x0000000085c00000, 0x0000000085c00000| Complete 
| 127|0x0000000088900000, 0x0000000088a00000, 0x0000000088a00000|100%| E|CS|TAMS 0x0000000088900000, 0x0000000088900000| Complete 

Card table byte_map: [0x0000023576130000,0x0000023576530000] _byte_map_base: 0x0000023575d2b000

Marking Bits (Prev, Next): (CMBitMap*) 0x000002355ee657b0, (CMBitMap*) 0x000002355ee65770
 Prev Bits: [0x0000023578910000, 0x000002357a8e8000)
 Next Bits: [0x0000023576930000, 0x0000023578908000)

Polling page: 0x000002355e590000

Metaspace:

Usage:
  Non-class:     51.06 MB used.
      Class:      7.79 MB used.
       Both:     58.85 MB used.

Virtual space:
  Non-class space:       64.00 MB reserved,      51.38 MB ( 80%) committed,  1 nodes.
      Class space:        1.00 GB reserved,       8.12 MB ( <1%) committed,  1 nodes.
             Both:        1.06 GB reserved,      59.50 MB (  5%) committed. 

Chunk freelists:
   Non-Class:  240.00 KB
       Class:  3.73 MB
        Both:  3.97 MB

MaxMetaspaceSize: unlimited
CompressedClassSpaceSize: 1.00 GB
Initial GC threshold: 21.00 MB
Current GC threshold: 98.06 MB
CDS: on
MetaspaceReclaimPolicy: balanced
 - commit_granule_bytes: 65536.
 - commit_granule_words: 8192.
 - virtual_space_node_default_size: 8388608.
 - enlarge_chunks_in_place: 1.
 - new_chunks_are_fully_committed: 0.
 - uncommit_free_chunks: 1.
 - use_allocation_guard: 0.


Internal statistics:

num_allocs_failed_limit: 9.
num_arena_births: 878.
num_arena_deaths: 0.
num_vsnodes_births: 2.
num_vsnodes_deaths: 0.
num_space_committed: 952.
num_space_uncommitted: 0.
num_chunks_returned_to_freelist: 9.
num_chunks_taken_from_freelist: 3027.
num_chunk_merges: 9.
num_chunk_splits: 2224.
num_chunks_enlarged: 1797.
num_inconsistent_stats: 0.

CodeHeap 'non-profiled nmethods': size=120000Kb used=3524Kb max_used=3524Kb free=116475Kb
 bounds [0x000002356e800000, 0x000002356eb80000, 0x0000023575d30000]
CodeHeap 'profiled nmethods': size=120000Kb used=10533Kb max_used=10771Kb free=109466Kb
 bounds [0x0000023566d30000, 0x00000235677d0000, 0x000002356e260000]
CodeHeap 'non-nmethods': size=5760Kb used=1420Kb max_used=1511Kb free=4339Kb
 bounds [0x000002356e260000, 0x000002356e4d0000, 0x000002356e800000]
 total_blobs=5904 nmethods=5240 adapters=574
 compilation: enabled
              stopped_count=0, restarted_count=0
 full_count=0

Compilation events (20 events):
Event: 11.149 Thread 0x000002357ce39410 nmethod 6062 0x0000023566dca810 code [0x0000023566dcaa60, 0x0000023566dcb158]
Event: 11.151 Thread 0x000002357ce16a80 nmethod 6050 0x000002356eb68510 code [0x000002356eb68780, 0x000002356eb69548]
Event: 11.151 Thread 0x000002357ce16a80 6065   !   4       org.springframework.beans.factory.support.DefaultSingletonBeanRegistry::getSingleton (147 bytes)
Event: 11.156 Thread 0x000002357ce39410 6072       3       java.lang.invoke.LambdaForm$NamedFunction::<init> (15 bytes)
Event: 11.156 Thread 0x000002357ce39410 nmethod 6072 0x0000023566dca390 code [0x0000023566dca540, 0x0000023566dca758]
Event: 11.156 Thread 0x000002357ce39410 6073       3       java.lang.invoke.MethodType::appendParameterTypes (10 bytes)
Event: 11.157 Thread 0x000002357ce39410 nmethod 6073 0x0000023566dc9f10 code [0x0000023566dca0c0, 0x0000023566dca268]
Event: 11.161 Thread 0x000002357ce39410 6077       1       org.apache.catalina.LifecycleState::getLifecycleEvent (5 bytes)
Event: 11.161 Thread 0x000002357ce39410 nmethod 6077 0x000002356eb6b390 code [0x000002356eb6b520, 0x000002356eb6b5d8]
Event: 11.164 Thread 0x000002357ce16a80 nmethod 6065 0x000002356eb6b690 code [0x000002356eb6b900, 0x000002356eb6c368]
Event: 11.164 Thread 0x000002357ce16a80 6070       4       sun.invoke.util.Wrapper::forBasicType (103 bytes)
Event: 11.164 Thread 0x000002357ce16a80 nmethod 6070 0x000002356eb6cb90 code [0x000002356eb6cd40, 0x000002356eb6ceb8]
Event: 11.167 Thread 0x000002357ce39410 6078       3       java.nio.Buffer::mark (10 bytes)
Event: 11.167 Thread 0x000002357ce39410 nmethod 6078 0x0000023566e6da10 code [0x0000023566e6dba0, 0x0000023566e6dcb8]
Event: 11.168 Thread 0x000002357ce16a80 6079       4       java.nio.Buffer::<init> (105 bytes)
Event: 11.171 Thread 0x000002357ce16a80 nmethod 6079 0x000002356eb6cf90 code [0x000002356eb6d120, 0x000002356eb6d438]
Event: 11.174 Thread 0x000002357ce39410 6080       3       java.lang.Thread::isVirtual (5 bytes)
Event: 11.174 Thread 0x000002357ce39410 nmethod 6080 0x0000023566dc9a90 code [0x0000023566dc9c40, 0x0000023566dc9e58]
Event: 11.178 Thread 0x000002357ce39410 6081       3       jdk.internal.loader.NativeLibraries$NativeLibraryImpl::find (9 bytes)
Event: 11.178 Thread 0x000002357ce39410 nmethod 6081 0x0000023566dc9710 code [0x0000023566dc98c0, 0x0000023566dc9a08]

GC Heap History (20 events):
Event: 4.272 GC heap before
{Heap before GC invocations=6 (full 0):
 garbage-first heap   total 51200K, used 16128K [0x0000000080a00000, 0x0000000100000000)
  region size 1024K, 4 young (4096K), 3 survivors (3072K)
 Metaspace       used 25465K, committed 25792K, reserved 1114112K
  class space    used 3168K, committed 3328K, reserved 1048576K
}
Event: 4.280 GC heap after
{Heap after GC invocations=7 (full 0):
 garbage-first heap   total 51200K, used 15379K [0x0000000080a00000, 0x0000000100000000)
  region size 1024K, 1 young (1024K), 1 survivors (1024K)
 Metaspace       used 25465K, committed 25792K, reserved 1114112K
  class space    used 3168K, committed 3328K, reserved 1048576K
}
Event: 5.285 GC heap before
{Heap before GC invocations=7 (full 0):
 garbage-first heap   total 51200K, used 34835K [0x0000000080a00000, 0x0000000100000000)
  region size 1024K, 21 young (21504K), 1 survivors (1024K)
 Metaspace       used 30224K, committed 30784K, reserved 1114112K
  class space    used 3763K, committed 4032K, reserved 1048576K
}
Event: 5.290 GC heap after
{Heap after GC invocations=8 (full 0):
 garbage-first heap   total 51200K, used 17142K [0x0000000080a00000, 0x0000000100000000)
  region size 1024K, 3 young (3072K), 3 survivors (3072K)
 Metaspace       used 30224K, committed 30784K, reserved 1114112K
  class space    used 3763K, committed 4032K, reserved 1048576K
}
Event: 5.946 GC heap before
{Heap before GC invocations=8 (full 0):
 garbage-first heap   total 51200K, used 36598K [0x0000000080a00000, 0x0000000100000000)
  region size 1024K, 22 young (22528K), 3 survivors (3072K)
 Metaspace       used 33809K, committed 34368K, reserved 1114112K
  class space    used 4277K, committed 4544K, reserved 1048576K
}
Event: 5.953 GC heap after
{Heap after GC invocations=9 (full 0):
 garbage-first heap   total 51200K, used 18534K [0x0000000080a00000, 0x0000000100000000)
  region size 1024K, 2 young (2048K), 2 survivors (2048K)
 Metaspace       used 33809K, committed 34368K, reserved 1114112K
  class space    used 4277K, committed 4544K, reserved 1048576K
}
Event: 6.111 GC heap before
{Heap before GC invocations=9 (full 0):
 garbage-first heap   total 51200K, used 23654K [0x0000000080a00000, 0x0000000100000000)
  region size 1024K, 8 young (8192K), 2 survivors (2048K)
 Metaspace       used 35479K, committed 35968K, reserved 1114112K
  class space    used 4533K, committed 4800K, reserved 1048576K
}
Event: 6.114 GC heap after
{Heap after GC invocations=10 (full 0):
 garbage-first heap   total 72704K, used 18683K [0x0000000080a00000, 0x0000000100000000)
  region size 1024K, 2 young (2048K), 2 survivors (2048K)
 Metaspace       used 35479K, committed 35968K, reserved 1114112K
  class space    used 4533K, committed 4800K, reserved 1048576K
}
Event: 7.395 GC heap before
{Heap before GC invocations=11 (full 0):
 garbage-first heap   total 68608K, used 55547K [0x0000000080a00000, 0x0000000100000000)
  region size 1024K, 38 young (38912K), 2 survivors (2048K)
 Metaspace       used 46238K, committed 46784K, reserved 1114112K
  class space    used 5992K, committed 6272K, reserved 1048576K
}
Event: 7.402 GC heap after
{Heap after GC invocations=12 (full 0):
 garbage-first heap   total 68608K, used 20953K [0x0000000080a00000, 0x0000000100000000)
  region size 1024K, 4 young (4096K), 4 survivors (4096K)
 Metaspace       used 46238K, committed 46784K, reserved 1114112K
  class space    used 5992K, committed 6272K, reserved 1048576K
}
Event: 7.424 GC heap before
{Heap before GC invocations=12 (full 0):
 garbage-first heap   total 68608K, used 21977K [0x0000000080a00000, 0x0000000100000000)
  region size 1024K, 5 young (5120K), 4 survivors (4096K)
 Metaspace       used 46487K, committed 47040K, reserved 1114112K
  class space    used 6045K, committed 6336K, reserved 1048576K
}
Event: 7.430 GC heap after
{Heap after GC invocations=13 (full 0):
 garbage-first heap   total 68608K, used 21336K [0x0000000080a00000, 0x0000000100000000)
  region size 1024K, 1 young (1024K), 1 survivors (1024K)
 Metaspace       used 46487K, committed 47040K, reserved 1114112K
  class space    used 6045K, committed 6336K, reserved 1048576K
}
Event: 8.199 GC heap before
{Heap before GC invocations=13 (full 0):
 garbage-first heap   total 68608K, used 51032K [0x0000000080a00000, 0x0000000100000000)
  region size 1024K, 31 young (31744K), 1 survivors (1024K)
 Metaspace       used 53325K, committed 53888K, reserved 1114112K
  class space    used 7024K, committed 7296K, reserved 1048576K
}
Event: 8.203 GC heap after
{Heap after GC invocations=14 (full 0):
 garbage-first heap   total 68608K, used 22474K [0x0000000080a00000, 0x0000000100000000)
  region size 1024K, 2 young (2048K), 2 survivors (2048K)
 Metaspace       used 53325K, committed 53888K, reserved 1114112K
  class space    used 7024K, committed 7296K, reserved 1048576K
}
Event: 8.922 GC heap before
{Heap before GC invocations=14 (full 0):
 garbage-first heap   total 68608K, used 53194K [0x0000000080a00000, 0x0000000100000000)
  region size 1024K, 32 young (32768K), 2 survivors (2048K)
 Metaspace       used 56337K, committed 56960K, reserved 1114112K
  class space    used 7411K, committed 7680K, reserved 1048576K
}
Event: 8.926 GC heap after
{Heap after GC invocations=15 (full 0):
 garbage-first heap   total 68608K, used 24321K [0x0000000080a00000, 0x0000000100000000)
  region size 1024K, 4 young (4096K), 4 survivors (4096K)
 Metaspace       used 56337K, committed 56960K, reserved 1114112K
  class space    used 7411K, committed 7680K, reserved 1048576K
}
Event: 9.850 GC heap before
{Heap before GC invocations=15 (full 0):
 garbage-first heap   total 68608K, used 54017K [0x0000000080a00000, 0x0000000100000000)
  region size 1024K, 33 young (33792K), 4 survivors (4096K)
 Metaspace       used 58579K, committed 59200K, reserved 1114112K
  class space    used 7697K, committed 8000K, reserved 1048576K
}
Event: 9.858 GC heap after
{Heap after GC invocations=16 (full 0):
 garbage-first heap   total 68608K, used 25791K [0x0000000080a00000, 0x0000000100000000)
  region size 1024K, 4 young (4096K), 4 survivors (4096K)
 Metaspace       used 58579K, committed 59200K, reserved 1114112K
  class space    used 7697K, committed 8000K, reserved 1048576K
}
Event: 10.494 GC heap before
{Heap before GC invocations=16 (full 0):
 garbage-first heap   total 68608K, used 35007K [0x0000000080a00000, 0x0000000100000000)
  region size 1024K, 14 young (14336K), 4 survivors (4096K)
 Metaspace       used 59559K, committed 60160K, reserved 1114112K
  class space    used 7845K, committed 8128K, reserved 1048576K
}
Event: 10.500 GC heap after
{Heap after GC invocations=17 (full 0):
 garbage-first heap   total 68608K, used 26660K [0x0000000080a00000, 0x0000000100000000)
  region size 1024K, 3 young (3072K), 3 survivors (3072K)
 Metaspace       used 59559K, committed 60160K, reserved 1114112K
  class space    used 7845K, committed 8128K, reserved 1048576K
}

Dll operation events (14 events):
Event: 0.014 Loaded shared library D:\Java\jdk-19\bin\java.dll
Event: 0.023 Loaded shared library D:\Java\jdk-19\bin\jsvml.dll
Event: 0.218 Loaded shared library D:\Java\jdk-19\bin\zip.dll
Event: 0.221 Loaded shared library D:\Java\jdk-19\bin\instrument.dll
Event: 0.235 Loaded shared library D:\Java\jdk-19\bin\net.dll
Event: 0.239 Loaded shared library D:\Java\jdk-19\bin\nio.dll
Event: 0.246 Loaded shared library D:\Java\jdk-19\bin\zip.dll
Event: 0.371 Loaded shared library D:\JetBrains\IntelliJ IDEA Community Edition 2023.1\bin\breakgen64.dll
Event: 0.382 Loaded shared library D:\Java\jdk-19\bin\extnet.dll
Event: 0.410 Loaded shared library D:\Java\jdk-19\bin\jimage.dll
Event: 1.489 Loaded shared library D:\Java\jdk-19\bin\verify.dll
Event: 5.225 Loaded shared library D:\Java\jdk-19\bin\sunmscapi.dll
Event: 5.231 Loaded shared library D:\Java\jdk-19\bin\management.dll
Event: 5.233 Loaded shared library D:\Java\jdk-19\bin\management_ext.dll

Deoptimization events (20 events):
Event: 10.738 Thread 0x000002355ee0add0 Uncommon trap: trap_request=0xffffffde fr.pc=0x000002356e872714 relative=0x0000000000000154
Event: 10.738 Thread 0x000002355ee0add0 Uncommon trap: reason=class_check action=maybe_recompile pc=0x000002356e872714 method=org.springframework.boot.context.properties.source.ConfigurationPropertyName$Elements.charAt(II)C @ 43 c2
Event: 10.738 Thread 0x000002355ee0add0 DEOPT PACKING pc=0x000002356e872714 sp=0x0000008bf63fb790
Event: 10.738 Thread 0x000002355ee0add0 DEOPT UNPACKING pc=0x000002356e2c6da3 sp=0x0000008bf63fb708 mode 2
Event: 10.738 Thread 0x000002355ee0add0 Uncommon trap: trap_request=0xffffffde fr.pc=0x000002356e872714 relative=0x0000000000000154
Event: 10.738 Thread 0x000002355ee0add0 Uncommon trap: reason=class_check action=maybe_recompile pc=0x000002356e872714 method=org.springframework.boot.context.properties.source.ConfigurationPropertyName$Elements.charAt(II)C @ 43 c2
Event: 10.738 Thread 0x000002355ee0add0 DEOPT PACKING pc=0x000002356e872714 sp=0x0000008bf63fb790
Event: 10.738 Thread 0x000002355ee0add0 DEOPT UNPACKING pc=0x000002356e2c6da3 sp=0x0000008bf63fb708 mode 2
Event: 11.030 Thread 0x000002355ee0add0 Uncommon trap: trap_request=0xffffff45 fr.pc=0x000002356eb5dee0 relative=0x00000000000003e0
Event: 11.030 Thread 0x000002355ee0add0 Uncommon trap: reason=unstable_if action=reinterpret pc=0x000002356eb5dee0 method=java.lang.Class.getTypeName()Ljava/lang/String; @ 23 c2
Event: 11.030 Thread 0x000002355ee0add0 DEOPT PACKING pc=0x000002356eb5dee0 sp=0x0000008bf63fda40
Event: 11.030 Thread 0x000002355ee0add0 DEOPT UNPACKING pc=0x000002356e2c6da3 sp=0x0000008bf63fda18 mode 2
Event: 11.138 Thread 0x000002355ee0add0 Uncommon trap: trap_request=0xffffffbe fr.pc=0x000002356e91f48c relative=0x00000000000010ec
Event: 11.138 Thread 0x000002355ee0add0 Uncommon trap: reason=profile_predicate action=maybe_recompile pc=0x000002356e91f48c method=org.springframework.core.annotation.AnnotationsScanner.processClassInheritedAnnotations(Ljava/lang/Object;Ljava/lang/Class;Lorg/springframework/core/annotation/Mer
Event: 11.138 Thread 0x000002355ee0add0 DEOPT PACKING pc=0x000002356e91f48c sp=0x0000008bf63fe9c0
Event: 11.138 Thread 0x000002355ee0add0 DEOPT UNPACKING pc=0x000002356e2c6da3 sp=0x0000008bf63fe990 mode 2
Event: 11.147 Thread 0x000002355ee0add0 Uncommon trap: trap_request=0xffffff45 fr.pc=0x000002356e835398 relative=0x0000000000000158
Event: 11.147 Thread 0x000002355ee0add0 Uncommon trap: reason=unstable_if action=reinterpret pc=0x000002356e835398 method=org.springframework.core.annotation.AnnotationUtils.isCandidateClass(Ljava/lang/Class;Ljava/lang/String;)Z @ 15 c2
Event: 11.147 Thread 0x000002355ee0add0 DEOPT PACKING pc=0x000002356e835398 sp=0x0000008bf63feb90
Event: 11.147 Thread 0x000002355ee0add0 DEOPT UNPACKING pc=0x000002356e2c6da3 sp=0x0000008bf63feac8 mode 2

Classes loaded (20 events):
Event: 11.177 Loading class sun/nio/ch/WEPollSelectorImpl done
Event: 11.177 Loading class sun/nio/ch/Util$2
Event: 11.178 Loading class sun/nio/ch/Util$2 done
Event: 11.178 Loading class sun/nio/ch/WEPoll
Event: 11.178 Loading class sun/nio/ch/WEPoll done
Event: 11.178 Loading class sun/nio/ch/PipeImpl
Event: 11.178 Loading class java/nio/channels/Pipe
Event: 11.178 Loading class java/nio/channels/Pipe done
Event: 11.178 Loading class sun/nio/ch/PipeImpl done
Event: 11.178 Loading class sun/nio/ch/PipeImpl$Initializer
Event: 11.178 Loading class sun/nio/ch/PipeImpl$Initializer done
Event: 11.178 Loading class sun/nio/ch/PipeImpl$Initializer$LoopbackConnector
Event: 11.178 Loading class sun/nio/ch/PipeImpl$Initializer$LoopbackConnector done
Event: 11.178 Loading class sun/nio/ch/UnixDomainSockets
Event: 11.179 Loading class sun/nio/ch/UnixDomainSockets done
Event: 11.179 Loading class sun/nio/ch/UnixDomainSocketsUtil
Event: 11.179 Loading class sun/nio/ch/UnixDomainSocketsUtil done
Event: 11.184 Loading class java/nio/channels/spi/AbstractInterruptibleChannel$1
Event: 11.184 Loading class sun/nio/ch/Interruptible
Event: 11.184 Loading class sun/nio/ch/Interruptible done

Classes unloaded (0 events):
No events

Classes redefined (0 events):
No events

Internal exceptions (20 events):
Event: 8.023 Thread 0x000002355ee0add0 Exception <a 'java/lang/IncompatibleClassChangeError'{0x00000000834dfb70}: Found class java.lang.Object, but interface was expected> (0x00000000834dfb70) 
thrown [s\open\src\hotspot\share\interpreter\linkResolver.cpp, line 841]
Event: 8.047 Thread 0x000002355ee0add0 Implicit null exception at 0x000002356ea66c4b to 0x000002356ea66e44
Event: 8.060 Thread 0x000002355ee0add0 Exception <a 'java/lang/IncompatibleClassChangeError'{0x000000008327e8c8}: Found class java.lang.Object, but interface was expected> (0x000000008327e8c8) 
thrown [s\open\src\hotspot\share\interpreter\linkResolver.cpp, line 841]
Event: 8.403 Thread 0x000002355ee0add0 Exception <a 'java/lang/IncompatibleClassChangeError'{0x0000000085b31df8}: Found class java.lang.Object, but interface was expected> (0x0000000085b31df8) 
thrown [s\open\src\hotspot\share\interpreter\linkResolver.cpp, line 841]
Event: 8.519 Thread 0x000002355ee0add0 Exception <a 'java/lang/NoSuchMethodError'{0x0000000084047320}: 'java.lang.Object java.lang.invoke.DirectMethodHandle$Holder.newInvokeSpecial(java.lang.Object, java.lang.Object, int)'> (0x0000000084047320) 
thrown [s\open\src\hotspot\share\interpreter\linkResolver.cpp, line 774]
Event: 8.523 Thread 0x000002355ee0add0 Exception <a 'java/lang/IncompatibleClassChangeError'{0x000000008406c180}: Found class java.lang.Object, but interface was expected> (0x000000008406c180) 
thrown [s\open\src\hotspot\share\interpreter\linkResolver.cpp, line 841]
Event: 8.524 Thread 0x000002355ee0add0 Exception <a 'java/lang/IncompatibleClassChangeError'{0x0000000084072b00}: Found class java.lang.Object, but interface was expected> (0x0000000084072b00) 
thrown [s\open\src\hotspot\share\interpreter\linkResolver.cpp, line 841]
Event: 8.624 Thread 0x000002355ee0add0 Exception <a 'java/lang/NoSuchMethodError'{0x0000000083b589e8}: 'long java.lang.invoke.DirectMethodHandle$Holder.invokeVirtual(java.lang.Object, java.lang.Object)'> (0x0000000083b589e8) 
thrown [s\open\src\hotspot\share\interpreter\linkResolver.cpp, line 774]
Event: 8.880 Thread 0x000002355ee0add0 Exception <a 'sun/nio/fs/WindowsException'{0x00000000831e9258}> (0x00000000831e9258) 
thrown [s\open\src\hotspot\share\prims\jni.cpp, line 517]
Event: 8.893 Thread 0x000002355ee0add0 Implicit null exception at 0x000002356e8f8fbd to 0x000002356e8f9086
Event: 9.051 Thread 0x000002355ee0add0 Exception <a 'java/lang/NoSuchMethodError'{0x0000000084125f98}: 'java.lang.Object java.lang.invoke.DirectMethodHandle$Holder.newInvokeSpecial(java.lang.Object, java.lang.Object, java.lang.Object, java.lang.Object, java.lang.Object, java.lang.Object, java.lang.Object, java.lang.Object)'> (0x0000000084125f98) 
thrown [s\open\src\hotspot\share\interpreter\linkResolver.cpp, line 774]
Event: 9.716 Thread 0x000002355ee0add0 Exception <a 'java/lang/IncompatibleClassChangeError'{0x00000000831a0b58}: Found class java.lang.Object, but interface was expected> (0x00000000831a0b58) 
thrown [s\open\src\hotspot\share\interpreter\linkResolver.cpp, line 841]
Event: 10.157 Thread 0x000002355ee0add0 Exception <a 'java/lang/NoSuchMethodError'{0x00000000848a98e0}: 'java.lang.Object java.lang.invoke.DirectMethodHandle$Holder.invokeInterface(java.lang.Object, java.lang.Object, java.lang.Object, java.lang.Object)'> (0x00000000848a98e0) 
thrown [s\open\src\hotspot\share\interpreter\linkResolver.cpp, line 774]
Event: 10.409 Thread 0x000002355ee0add0 Exception <a 'java/lang/NoSuchMethodError'{0x00000000846b9b58}: 'void java.lang.invoke.DirectMethodHandle$Holder.invokeVirtual(java.lang.Object, java.lang.Object, long)'> (0x00000000846b9b58) 
thrown [s\open\src\hotspot\share\interpreter\linkResolver.cpp, line 774]
Event: 10.582 Thread 0x000002355ee0add0 Exception <a 'java/lang/NoSuchMethodError'{0x0000000085c31e18}: 'int java.lang.invoke.DirectMethodHandle$Holder.invokeStaticInit(java.lang.Object, java.lang.Object, java.lang.Object, java.lang.Object)'> (0x0000000085c31e18) 
thrown [s\open\src\hotspot\share\interpreter\linkResolver.cpp, line 774]
Event: 10.590 Thread 0x000002355ee0add0 Implicit null exception at 0x000002356e99a5fb to 0x000002356e99aa64
Event: 11.154 Thread 0x000002355ee0add0 Exception <a 'java/lang/NoSuchMethodError'{0x0000000083b9b328}: 'java.lang.Object java.lang.invoke.DirectMethodHandle$Holder.newInvokeSpecial(java.lang.Object, java.lang.Object, int, java.lang.Object, java.lang.Object)'> (0x0000000083b9b328) 
thrown [s\open\src\hotspot\share\interpreter\linkResolver.cpp, line 774]
Event: 11.156 Thread 0x000002355ee0add0 Exception <a 'java/lang/NoSuchMethodError'{0x0000000083ba6730}: 'java.lang.Object java.lang.invoke.DirectMethodHandle$Holder.invokeSpecial(java.lang.Object, java.lang.Object, int, java.lang.Object, int, java.lang.Object)'> (0x0000000083ba6730) 
thrown [s\open\src\hotspot\share\interpreter\linkResolver.cpp, line 774]
Event: 11.157 Thread 0x000002355ee0add0 Exception <a 'java/lang/NoSuchMethodError'{0x0000000083bae118}: 'java.lang.Object java.lang.invoke.DirectMethodHandle$Holder.newInvokeSpecial(java.lang.Object, java.lang.Object, int, java.lang.Object, int)'> (0x0000000083bae118) 
thrown [s\open\src\hotspot\share\interpreter\linkResolver.cpp, line 774]
Event: 11.160 Thread 0x000002355ee0add0 Exception <a 'java/lang/NoSuchMethodError'{0x0000000083bb21e8}: 'java.lang.Object java.lang.invoke.DirectMethodHandle$Holder.invokeSpecial(java.lang.Object, java.lang.Object, java.lang.Object, int, java.lang.Object, int)'> (0x0000000083bb21e8) 
thrown [s\open\src\hotspot\share\interpreter\linkResolver.cpp, line 774]

VM Operations (20 events):
Event: 8.885 Executing VM operation: HandshakeAllThreads
Event: 8.885 Executing VM operation: HandshakeAllThreads done
Event: 8.922 Executing VM operation: G1CollectForAllocation
Event: 8.929 Executing VM operation: G1CollectForAllocation done
Event: 9.207 Executing VM operation: HandshakeAllThreads
Event: 9.207 Executing VM operation: HandshakeAllThreads done
Event: 9.265 Executing VM operation: HandshakeAllThreads
Event: 9.265 Executing VM operation: HandshakeAllThreads done
Event: 9.364 Executing VM operation: HandshakeAllThreads
Event: 9.364 Executing VM operation: HandshakeAllThreads done
Event: 9.850 Executing VM operation: G1CollectForAllocation
Event: 9.859 Executing VM operation: G1CollectForAllocation done
Event: 10.457 Executing VM operation: HandshakeAllThreads
Event: 10.457 Executing VM operation: HandshakeAllThreads done
Event: 10.493 Executing VM operation: CollectForMetadataAllocation
Event: 10.519 Executing VM operation: CollectForMetadataAllocation done
Event: 10.543 Executing VM operation: G1PauseRemark
Event: 10.549 Executing VM operation: G1PauseRemark done
Event: 10.568 Executing VM operation: G1PauseCleanup
Event: 10.569 Executing VM operation: G1PauseCleanup done

Events (20 events):
Event: 8.227 Thread 0x000002357cf68070 flushing nmethod 0x00000235676ee090
Event: 8.227 Thread 0x000002357cf68070 flushing nmethod 0x00000235676f8b10
Event: 8.228 Thread 0x000002357cf68070 flushing nmethod 0x0000023567705c90
Event: 8.403 Thread 0x000002357df5fcd0 Thread exited: 0x000002357df5fcd0
Event: 8.450 Thread 0x000002357df5fcd0 Thread added: 0x000002357df5fcd0
Event: 8.639 Thread 0x000002357e22c5c0 Thread added: 0x000002357e22c5c0
Event: 8.642 Thread 0x0000023504bde5c0 Thread added: 0x0000023504bde5c0
Event: 8.645 Thread 0x0000023504bdeb10 Thread added: 0x0000023504bdeb10
Event: 9.377 Thread 0x000002357df5fcd0 Thread exited: 0x000002357df5fcd0
Event: 9.404 Thread 0x000002357df5fcd0 Thread added: 0x000002357df5fcd0
Event: 11.174 Thread 0x0000023504be0af0 Thread added: 0x0000023504be0af0
Event: 11.174 Thread 0x0000023504bde070 Thread added: 0x0000023504bde070
Event: 11.174 Thread 0x0000023504bdf060 Thread added: 0x0000023504bdf060
Event: 11.174 Thread 0x0000023504be0050 Thread added: 0x0000023504be0050
Event: 11.174 Thread 0x0000023504be4560 Thread added: 0x0000023504be4560
Event: 11.174 Thread 0x0000023504be1040 Thread added: 0x0000023504be1040
Event: 11.174 Thread 0x0000023504be3570 Thread added: 0x0000023504be3570
Event: 11.174 Thread 0x0000023504be2580 Thread added: 0x0000023504be2580
Event: 11.175 Thread 0x0000023504be05a0 Thread added: 0x0000023504be05a0
Event: 11.175 Thread 0x0000023504bdf5b0 Thread added: 0x0000023504bdf5b0


Dynamic libraries:
0x00007ff773c30000 - 0x00007ff773c40000 	D:\Java\jdk-19\bin\java.exe
0x00007ffa74cf0000 - 0x00007ffa74ee8000 	C:\Windows\SYSTEM32\ntdll.dll
0x00007ffa74b10000 - 0x00007ffa74bcf000 	C:\Windows\System32\KERNEL32.DLL
0x00007ffa72400000 - 0x00007ffa726da000 	C:\Windows\System32\KERNELBASE.dll
0x00007ffa72890000 - 0x00007ffa72990000 	C:\Windows\System32\ucrtbase.dll
0x00007ffa45900000 - 0x00007ffa4591b000 	D:\Java\jdk-19\bin\VCRUNTIME140.dll
0x00007ffa4e920000 - 0x00007ffa4e938000 	D:\Java\jdk-19\bin\jli.dll
0x00007ffa74960000 - 0x00007ffa74a0e000 	C:\Windows\System32\ADVAPI32.dll
0x00007ffa74a70000 - 0x00007ffa74b0e000 	C:\Windows\System32\msvcrt.dll
0x00007ffa738b0000 - 0x00007ffa7394c000 	C:\Windows\System32\sechost.dll
0x00007ffa73a50000 - 0x00007ffa73b76000 	C:\Windows\System32\RPCRT4.dll
0x00007ffa735f0000 - 0x00007ffa7378d000 	C:\Windows\System32\USER32.dll
0x00007ffa727f0000 - 0x00007ffa72812000 	C:\Windows\System32\win32u.dll
0x00007ffa73270000 - 0x00007ffa7329b000 	C:\Windows\System32\GDI32.dll
0x00007ffa72c40000 - 0x00007ffa72d50000 	C:\Windows\System32\gdi32full.dll
0x00007ffa72990000 - 0x00007ffa72a2d000 	C:\Windows\System32\msvcp_win.dll
0x00007ffa68750000 - 0x00007ffa689ea000 	C:\Windows\WinSxS\amd64_microsoft.windows.common-controls_6595b64144ccf1df_6.0.19041.1110_none_60b5254171f9507e\COMCTL32.dll
0x00007ffa6d530000 - 0x00007ffa6d53a000 	C:\Windows\SYSTEM32\VERSION.dll
0x00007ffa73950000 - 0x00007ffa73980000 	C:\Windows\System32\IMM32.DLL
0x00007ffa57c80000 - 0x00007ffa57c8c000 	D:\Java\jdk-19\bin\vcruntime140_1.dll
0x00007ffa30840000 - 0x00007ffa308ce000 	D:\Java\jdk-19\bin\msvcp140.dll
0x00007ffa2a6b0000 - 0x00007ffa2b370000 	D:\Java\jdk-19\bin\server\jvm.dll
0x00007ffa62800000 - 0x00007ffa62809000 	C:\Windows\SYSTEM32\WSOCK32.dll
0x00007ffa73d30000 - 0x00007ffa73d9b000 	C:\Windows\System32\WS2_32.dll
0x00007ffa629b0000 - 0x00007ffa629d7000 	C:\Windows\SYSTEM32\WINMM.dll
0x00007ffa70200000 - 0x00007ffa70212000 	C:\Windows\SYSTEM32\kernel.appcore.dll
0x00007ffa579e0000 - 0x00007ffa579ea000 	D:\Java\jdk-19\bin\jimage.dll
0x00007ffa62350000 - 0x00007ffa62534000 	C:\Windows\SYSTEM32\DBGHELP.DLL
0x00007ffa622b0000 - 0x00007ffa622e4000 	C:\Windows\SYSTEM32\dbgcore.DLL
0x00007ffa72710000 - 0x00007ffa72792000 	C:\Windows\System32\bcryptPrimitives.dll
0x00007ffa4d9a0000 - 0x00007ffa4d9ae000 	D:\Java\jdk-19\bin\instrument.dll
0x00007ffa43cf0000 - 0x00007ffa43d16000 	D:\Java\jdk-19\bin\java.dll
0x00007ffa29eb0000 - 0x00007ffa29f87000 	D:\Java\jdk-19\bin\jsvml.dll
0x00007ffa73da0000 - 0x00007ffa744e4000 	C:\Windows\System32\SHELL32.dll
0x00007ffa704e0000 - 0x00007ffa70c73000 	C:\Windows\SYSTEM32\windows.storage.dll
0x00007ffa72f10000 - 0x00007ffa73264000 	C:\Windows\System32\combase.dll
0x00007ffa71d80000 - 0x00007ffa71dae000 	C:\Windows\SYSTEM32\Wldp.dll
0x00007ffa734e0000 - 0x00007ffa7358d000 	C:\Windows\System32\SHCORE.dll
0x00007ffa72e90000 - 0x00007ffa72ee5000 	C:\Windows\System32\shlwapi.dll
0x00007ffa72340000 - 0x00007ffa7235f000 	C:\Windows\SYSTEM32\profapi.dll
0x00007ffa43fb0000 - 0x00007ffa43fc8000 	D:\Java\jdk-19\bin\zip.dll
0x00007ffa44ab0000 - 0x00007ffa44ac3000 	D:\Java\jdk-19\bin\net.dll
0x00007ffa6aa00000 - 0x00007ffa6ab0a000 	C:\Windows\SYSTEM32\WINHTTP.dll
0x00007ffa71ae0000 - 0x00007ffa71b4a000 	C:\Windows\system32\mswsock.dll
0x00007ffa43fd0000 - 0x00007ffa43fe6000 	D:\Java\jdk-19\bin\nio.dll
0x00007ffa43050000 - 0x00007ffa4306a000 	D:\JetBrains\IntelliJ IDEA Community Edition 2023.1\bin\breakgen64.dll
0x00007ffa50c50000 - 0x00007ffa50c58000 	D:\Java\jdk-19\bin\extnet.dll
0x00007ffa4f100000 - 0x00007ffa4f110000 	D:\Java\jdk-19\bin\verify.dll
0x00007ffa71ce0000 - 0x00007ffa71cf8000 	C:\Windows\SYSTEM32\CRYPTSP.dll
0x00007ffa71400000 - 0x00007ffa71434000 	C:\Windows\system32\rsaenh.dll
0x00007ffa726e0000 - 0x00007ffa72707000 	C:\Windows\System32\bcrypt.dll
0x00007ffa72300000 - 0x00007ffa7232e000 	C:\Windows\SYSTEM32\USERENV.dll
0x00007ffa71cd0000 - 0x00007ffa71cdc000 	C:\Windows\SYSTEM32\CRYPTBASE.dll
0x00007ffa717d0000 - 0x00007ffa7180c000 	C:\Windows\SYSTEM32\IPHLPAPI.DLL
0x00007ffa732b0000 - 0x00007ffa732b8000 	C:\Windows\System32\NSI.dll
0x00007ffa6bab0000 - 0x00007ffa6bac7000 	C:\Windows\SYSTEM32\dhcpcsvc6.DLL
0x00007ffa6ba90000 - 0x00007ffa6baad000 	C:\Windows\SYSTEM32\dhcpcsvc.DLL
0x00007ffa71810000 - 0x00007ffa718db000 	C:\Windows\SYSTEM32\DNSAPI.dll
0x00007ffa488d0000 - 0x00007ffa488de000 	D:\Java\jdk-19\bin\sunmscapi.dll
0x00007ffa72ae0000 - 0x00007ffa72c36000 	C:\Windows\System32\CRYPT32.dll
0x00007ffa71df0000 - 0x00007ffa71e18000 	C:\Windows\SYSTEM32\ncrypt.dll
0x00007ffa71db0000 - 0x00007ffa71deb000 	C:\Windows\SYSTEM32\NTASN1.dll
0x00007ffa4d910000 - 0x00007ffa4d91a000 	D:\Java\jdk-19\bin\management.dll
0x00007ffa4d590000 - 0x00007ffa4d59b000 	D:\Java\jdk-19\bin\management_ext.dll
0x00007ffa72e80000 - 0x00007ffa72e88000 	C:\Windows\System32\PSAPI.DLL
0x00007ffa68ff0000 - 0x00007ffa68ffa000 	C:\Windows\System32\rasadhlp.dll
0x00007ffa6a0b0000 - 0x00007ffa6a130000 	C:\Windows\System32\fwpuclnt.dll
0x00007ffa5afd0000 - 0x00007ffa5afd7000 	C:\Windows\system32\wshunix.dll

dbghelp: loaded successfully - version: 4.0.5 - missing functions: none
symbol engine: initialized successfully - sym options: 0x614 - pdb path: .;D:\Java\jdk-19\bin;C:\Windows\SYSTEM32;C:\Windows\WinSxS\amd64_microsoft.windows.common-controls_6595b64144ccf1df_6.0.19041.1110_none_60b5254171f9507e;D:\Java\jdk-19\bin\server;D:\JetBrains\IntelliJ IDEA Community Edition 2023.1\bin

VM Arguments:
jvm_args: -javaagent:D:\JetBrains\IntelliJ IDEA Community Edition 2023.1\lib\idea_rt.jar=54181:D:\JetBrains\IntelliJ IDEA Community Edition 2023.1\bin -Dfile.encoding=UTF-8 -Dsun.stdout.encoding=UTF-8 -Dsun.stderr.encoding=UTF-8 
java_command: Backend.example.BackEndCRUD.BackEndCrudApplication
java_class_path (initial): D:\AAEstudio\CursoPrograma2022\BackEndCRUD\target\classes;C:\Users\matu_\.m2\repository\org\springframework\boot\spring-boot-starter-data-jpa\3.0.5\spring-boot-starter-data-jpa-3.0.5.jar;C:\Users\matu_\.m2\repository\org\springframework\boot\spring-boot-starter-aop\3.0.5\spring-boot-starter-aop-3.0.5.jar;C:\Users\matu_\.m2\repository\org\aspectj\aspectjweaver\1.9.19\aspectjweaver-1.9.19.jar;C:\Users\matu_\.m2\repository\org\springframework\boot\spring-boot-starter-jdbc\3.0.5\spring-boot-starter-jdbc-3.0.5.jar;C:\Users\matu_\.m2\repository\com\zaxxer\HikariCP\5.0.1\HikariCP-5.0.1.jar;C:\Users\matu_\.m2\repository\org\springframework\spring-jdbc\6.0.7\spring-jdbc-6.0.7.jar;C:\Users\matu_\.m2\repository\org\hibernate\orm\hibernate-core\6.1.7.Final\hibernate-core-6.1.7.Final.jar;C:\Users\matu_\.m2\repository\jakarta\persistence\jakarta.persistence-api\3.1.0\jakarta.persistence-api-3.1.0.jar;C:\Users\matu_\.m2\repository\jakarta\transaction\jakarta.transaction-api\2.0.1\jakarta.transaction-api-2.0.1.jar;C:\Users\matu_\.m2\repository\org\jboss\logging\jboss-logging\3.5.0.Final\jboss-logging-3.5.0.Final.jar;C:\Users\matu_\.m2\repository\org\hibernate\common\hibernate-commons-annotations\6.0.6.Final\hibernate-commons-annotations-6.0.6.Final.jar;C:\Users\matu_\.m2\repository\org\jboss\jandex\2.4.2.Final\jandex-2.4.2.Final.jar;C:\Users\matu_\.m2\repository\com\fasterxml\classmate\1.5.1\classmate-1.5.1.jar;C:\Users\matu_\.m2\repository\net\bytebuddy\byte-buddy\1.12.23\byte-buddy-1.12.23.jar;C:\Users\matu_\.m2\repository\org\glassfish\jaxb\jaxb-runtime\4.0.2\jaxb-runtime-4.0.2.jar;C:\Users\matu_\.m2\repository\org\glassfish\jaxb\jaxb-core\4.0.2\jaxb-core-4.0.2.jar;C:\Users\matu_\.m2\repository\org\eclipse\angus\angus-activation\2.0.0\angus-activation-2.0.0.jar;C:\Users\matu_\.m2\repository\org\glassfish\jaxb\txw2\4.0.2\txw2-4.0.2.jar;C:\Users\matu_\.m2\repository\com\sun\istack\istack-commons-runtime\4.1.1\istack-commons-runtime-4.1.1.jar;C:\Users\matu_\.m2\repository\jakarta\inject\jakarta.inject-api\2.0.0\jakarta.inject-api-2.0.0.jar;C:\Users\matu_\.m2\repository\org\antlr\antlr4-runtime\4.10.1\antlr4-runtime-4.10.1.jar;C:\Users\matu_\.m2\repository\org\springframework\data\spring-data-jpa\3.0.4\spring-data-jpa-3.0.4.jar;C:\Users\matu_\.m2\repository\org\springframework\data\spring-data-commons\3.0.4\spring-data-commons-3.0.4.jar;C:\Users\matu_\.m2\repository\org\springframework\spring-orm\6.0.7\spring-orm-6.0.7.jar;C:\Users\matu_\.m2\repository\org\springframework\spring-context\6.0.7\spring-context-6.0.7.jar;C:\Users\matu_\.m2\repository\org\springframework\spring-tx\6.0.7\spring-tx-6.0.7.jar;C:\Users\matu_\.m2\repository\org\springframework\spring-beans\6.0.7\spring-beans-6.0.7.jar;C:\Users\matu_\.m2\repository\jakarta\annotation\jakarta.annotation-api\2.1.1\jakarta.annotation-api-2.1.1.jar;C:\Users\matu_\.m2\repository\org\slf4j\slf4j-api\2.0.7\slf4j-api-2.0.7.jar;C:\Users\matu_\.m2\repository\org\springframework\spring-aspects\6.0.7\spring-aspects-6.0.7.jar;C:\Users\matu_\.m2\repository\org\springframework\boot\spring-boot-starter-security\3.0.5\spring-boot-starter-security-3.0.5.jar;C:\Users\matu_\.m2\repository\org\springframework\boot\spring-boot-starter\3.0.5\spring-boot-starter-3.0.5.jar;C:\Users\matu_\.m2\repository\org\springframework\boot\spring-boot\3.0.5\spring-boot-3.0.5.jar;C:\Users\matu_\.m2\repository\org\springframework\boot\spring-boot-autoconfigure\3.0.5\spring-boot-autoconfigure-3.0.5.jar;C:\Users\matu_\.m2\repository\org\springframework\boot\spring-boot-starter-logging\3.0.5\spring-boot-starter-logging-3.0.5.jar;C:\Users\matu_\.m2\repository\ch\qos\logback\logback-classic\1.4.6\logback-classic-1.4.6.jar;C:\Users\matu_\.m2\repository\ch\qos\logback\logback-core\1.4.6\logback-core-1.4.6.jar;C:\Users\matu_\.m2\repository\org\apache\logging\log4j\log4j-to-slf4j\2.19.0\log4j-to-slf4j-2.19.0.jar;C:\Users\matu_\.m2\repository\org\apache\logging\log4j\log4j-api\2.19.0\log4j-api-2.19.0.jar;C:\Users\matu_\.m2\repository\org\slf4j\jul-to-slf4j\2.0.7\jul-to-slf4j-2.0.7.jar;C:\Users\matu_\.m2\repository\org\yaml\snakeyaml\1.33\snakeyaml-1.33.jar;C:\Users\matu_\.m2\repository\org\springframework\spring-aop\6.0.7\spring-aop-6.0.7.jar;C:\Users\matu_\.m2\repository\org\springframework\security\spring-security-config\6.0.2\spring-security-config-6.0.2.jar;C:\Users\matu_\.m2\repository\org\springframework\security\spring-security-web\6.0.2\spring-security-web-6.0.2.jar;C:\Users\matu_\.m2\repository\org\springframework\spring-expression\6.0.7\spring-expression-6.0.7.jar;C:\Users\matu_\.m2\repository\org\springframework\boot\spring-boot-starter-validation\3.0.5\spring-boot-starter-validation-3.0.5.jar;C:\Users\matu_\.m2\repository\org\apache\tomcat\embed\tomcat-embed-el\10.1.7\tomcat-embed-el-10.1.7.jar;C:\Users\matu_\.m2\repository\org\hibernate\validator\hibernate-validator\8.0.0.Final\hibernate-validator-8.0.0.Final.jar;C:\Users\matu_\.m2\repository\jakarta\validation\jakarta.validation-api\3.0.2\jakarta.validation-api-3.0.2.jar;C:\Users\matu_\.m2\repository\org\springframework\boot\spring-boot-starter-web\3.0.5\spring-boot-starter-web-3.0.5.jar;C:\Users\matu_\.m2\repository\org\springframework\boot\spring-boot-starter-json\3.0.5\spring-boot-starter-json-3.0.5.jar;C:\Users\matu_\.m2\repository\com\fasterxml\jackson\datatype\jackson-datatype-jdk8\2.14.2\jackson-datatype-jdk8-2.14.2.jar;C:\Users\matu_\.m2\repository\com\fasterxml\jackson\datatype\jackson-datatype-jsr310\2.14.2\jackson-datatype-jsr310-2.14.2.jar;C:\Users\matu_\.m2\repository\com\fasterxml\jackson\module\jackson-module-parameter-names\2.14.2\jackson-module-parameter-names-2.14.2.jar;C:\Users\matu_\.m2\repository\org\springframework\boot\spring-boot-starter-tomcat\3.0.5\spring-boot-starter-tomcat-3.0.5.jar;C:\Users\matu_\.m2\repository\org\apache\tomcat\embed\tomcat-embed-core\10.1.7\tomcat-embed-core-10.1.7.jar;C:\Users\matu_\.m2\repository\org\apache\tomcat\embed\tomcat-embed-websocket\10.1.7\tomcat-embed-websocket-10.1.7.jar;C:\Users\matu_\.m2\repository\org\springframework\spring-web\6.0.7\spring-web-6.0.7.jar;C:\Users\matu_\.m2\repository\io\micrometer\micrometer-observation\1.10.5\micrometer-observation-1.10.5.jar;C:\Users\matu_\.m2\repository\io\micrometer\micrometer-commons\1.10.5\micrometer-commons-1.10.5.jar;C:\Users\matu_\.m2\repository\org\springframework\spring-webmvc\6.0.7\spring-webmvc-6.0.7.jar;C:\Users\matu_\.m2\repository\org\mariadb\jdbc\mariadb-java-client\3.0.10\mariadb-java-client-3.0.10.jar;C:\Users\matu_\.m2\repository\org\projectlombok\lombok\1.18.26\lombok-1.18.26.jar;C:\Users\matu_\.m2\repository\jakarta\xml\bind\jakarta.xml.bind-api\4.0.0\jakarta.xml.bind-api-4.0.0.jar;C:\Users\matu_\.m2\repository\jakarta\activation\jakarta.activation-api\2.1.1\jakarta.activation-api-2.1.1.jar;C:\Users\matu_\.m2\repository\org\springframework\spring-core\6.0.7\spring-core-6.0.7.jar;C:\Users\matu_\.m2\repository\org\springframework\spring-jcl\6.0.7\spring-jcl-6.0.7.jar;C:\Users\matu_\.m2\repository\org\springframework\security\spring-security-core\6.0.2\spring-security-core-6.0.2.jar;C:\Users\matu_\.m2\repository\org\springframework\security\spring-security-crypto\6.0.2\spring-security-crypto-6.0.2.jar;C:\Users\matu_\.m2\repository\io\jsonwebtoken\jjwt-api\0.11.5\jjwt-api-0.11.5.jar;C:\Users\matu_\.m2\repository\io\jsonwebtoken\jjwt-impl\0.11.5\jjwt-impl-0.11.5.jar;C:\Users\matu_\.m2\repository\io\jsonwebtoken\jjwt-jackson\0.11.5\jjwt-jackson-0.11.5.jar;C:\Users\matu_\.m2\repository\com\fasterxml\jackson\core\jackson-databind\2.14.2\jackson-databind-2.14.2.jar;C:\Users\matu_\.m2\repository\com\fasterxml\jackson\core\jackson-annotations\2.14.2\jackson-annotations-2.14.2.jar;C:\Users\matu_\.m2\repository\com\fasterxml\jackson\core\jackson-core\2.14.2\jackson-core-2.14.2.jar;C:\Users\matu_\.m2\repository\com\nimbusds\nimbus-jose-jwt\9.31\nimbus-jose-jwt-9.31.jar;C:\Users\matu_\.m2\repository\com\github\stephenc\jcip\jcip-annotations\1.0-1\jcip-annotations-1.0-1.jar;C:\Users\matu_\.m2\repository\org\springframework\boot\spring-boot-starter-thymeleaf\3.0.5\spring-boot-starter-thymeleaf-3.0.5.jar;C:\Users\matu_\.m2\repository\org\thymeleaf\thymeleaf-spring6\3.1.1.RELEASE\thymeleaf-spring6-3.1.1.RELEASE.jar;C:\Users\matu_\.m2\repository\org\thymeleaf\thymeleaf\3.1.1.RELEASE\thymeleaf-3.1.1.RELEASE.jar;C:\Users\matu_\.m2\repository\org\attoparser\attoparser\2.0.6.RELEASE\attoparser-2.0.6.RELEASE.jar;C:\Users\matu_\.m2\repository\org\unbescape\unbescape\1.1.6.RELEASE\unbescape-1.1.6.RELEASE.jar
Launcher Type: SUN_STANDARD

[Global flags]
     intx CICompilerCount                          = 3                                         {product} {ergonomic}
     uint ConcGCThreads                            = 1                                         {product} {ergonomic}
     uint G1ConcRefinementThreads                  = 4                                         {product} {ergonomic}
   size_t G1HeapRegionSize                         = 1048576                                   {product} {ergonomic}
    uintx GCDrainStackTargetSize                   = 64                                        {product} {ergonomic}
   size_t InitialHeapSize                          = 134217728                                 {product} {ergonomic}
   size_t MarkStackSize                            = 4194304                                   {product} {ergonomic}
   size_t MaxHeapSize                              = 2136997888                                {product} {ergonomic}
   size_t MaxNewSize                               = 1281359872                                {product} {ergonomic}
   size_t MinHeapDeltaBytes                        = 1048576                                   {product} {ergonomic}
   size_t MinHeapSize                              = 8388608                                   {product} {ergonomic}
    uintx NonNMethodCodeHeapSize                   = 5832780                                {pd product} {ergonomic}
    uintx NonProfiledCodeHeapSize                  = 122912730                              {pd product} {ergonomic}
    uintx ProfiledCodeHeapSize                     = 122912730                              {pd product} {ergonomic}
    uintx ReservedCodeCacheSize                    = 251658240                              {pd product} {ergonomic}
     bool SegmentedCodeCache                       = true                                      {product} {ergonomic}
   size_t SoftMaxHeapSize                          = 2136997888                             {manageable} {ergonomic}
     bool UseCompressedClassPointers               = true                           {product lp64_product} {ergonomic}
     bool UseCompressedOops                        = true                           {product lp64_product} {ergonomic}
     bool UseG1GC                                  = true                                      {product} {ergonomic}
     bool UseLargePagesIndividualAllocation        = false                                  {pd product} {ergonomic}

Logging:
Log output configuration:
 #0: stdout all=warning uptime,level,tags foldmultilines=false
 #1: stderr all=off uptime,level,tags foldmultilines=false

Environment Variables:
JAVA_HOME=D:\Java\jdk-17
PATH=C:\Program Files (x86)\Common Files\Oracle\Java\javapath;C:\Windows\system32;C:\Windows;C:\Windows\System32\Wbem;C:\Windows\System32\WindowsPowerShell\v1.0\;C:\Windows\System32\OpenSSH\;D:\Git\cmd;D:\nodejs\;D:\Java\jdk-17\bin;C:\Program Files\Maven\apache-maven-3.9.1\bin;C:\Users\matu_\AppData\Roaming\npm;C:\Users\matu_\AppData\Roaming\npm\node_modules\@angular\cli\bin;C:\Users\matu_\AppData\Local\Microsoft\WindowsApps;D:\MicrosoftVSC\bin;C:\Users\matu_\AppData\Roaming\npm;C:\Program Files\Maven\apache-maven-3.9.1\bin;D:\Java\jdk-17\bin;
USERNAME=matu_
OS=Windows_NT
PROCESSOR_IDENTIFIER=Intel64 Family 6 Model 58 Stepping 9, GenuineIntel
TMP=C:\Users\matu_\AppData\Local\Temp
TEMP=C:\Users\matu_\AppData\Local\Temp



---------------  S Y S T E M  ---------------

OS:
 Windows 10 , 64 bit Build 19041 (10.0.19041.2788)
OS uptime: 0 days 22:04 hours

CPU: total 4 (initial active 4) (4 cores per cpu, 1 threads per core) family 6 model 58 stepping 9 microcode 0x21, cx8, cmov, fxsr, mmx, sse, sse2, sse3, ssse3, sse4.1, sse4.2, popcnt, tsc, tscinvbit, avx, aes, erms, clmul, vzeroupper, clflush, rdtscp

Memory: 4k page, system-wide physical 8151M (1861M free)
TotalPageFile size 10199M (AvailPageFile size 3M)
current process WorkingSet (physical memory assigned to process): 233M, peak: 256M
current process commit charge ("private bytes"): 263M, peak: 288M

vm_info: Java HotSpot(TM) 64-Bit Server VM (19.0.2+7-44) for windows-amd64 JRE (19.0.2+7-44), built on 2022-11-30T18:02:09Z by "mach5one" with MS VC++ 17.1 (VS2022)

END.
